<?xml version="1.0" encoding="UTF-8"?>
<!-- Generated by org.testng.reporters.JUnitReportReporter -->
<testsuite hostname="CopiousCare" failures="0" tests="35" name="pivotalApplication.InvestigationReport" time="162.257" errors="1" timestamp="2024-08-20T11:51:22 IST" skipped="0">
  <testcase classname="pivotalApplication.InvestigationReport" name="NumberField" time="1.394"/>
  <system-out/>
  <testcase classname="pivotalApplication.InvestigationReport" name="BfSuite" time="0.599"/>
  <system-out/>
  <testcase classname="pivotalApplication.InvestigationReport" name="IAgree" time="2.858"/>
  <system-out/>
  <testcase classname="pivotalApplication.InvestigationReport" name="proceedButton" time="2.392"/>
  <system-out/>
  <testcase classname="pivotalApplication.InvestigationReport" name="OTP" time="11.836"/>
  <system-out/>
  <testcase classname="pivotalApplication.InvestigationReport" name="submit" time="8.474"/>
  <system-out/>
  <testcase classname="pivotalApplication.InvestigationReport" name="Search" time="7.393"/>
  <system-out/>
  <testcase classname="pivotalApplication.InvestigationReport" name="ClickPatient" time="3.118"/>
  <system-out/>
  <testcase classname="pivotalApplication.InvestigationReport" name="InvestigationClick" time="10.795"/>
  <system-out/>
  <testcase classname="pivotalApplication.InvestigationReport" name="ReportClick" time="15.390"/>
  <system-out/>
  <testcase classname="pivotalApplication.InvestigationReport" name="UploadReport" time="2.399"/>
  <system-out/>
  <testcase classname="pivotalApplication.InvestigationReport" name="CreatedBy" time="2.790"/>
  <system-out/>
  <testcase classname="pivotalApplication.InvestigationReport" name="DocumentOn" time="2.290"/>
  <system-out/>
  <testcase classname="pivotalApplication.InvestigationReport" name="popUpOk" time="2.341"/>
  <system-out/>
  <testcase classname="pivotalApplication.InvestigationReport" name="Camera" time="17.872"/>
  <system-out/>
  <testcase classname="pivotalApplication.InvestigationReport" name="UploadCam" time="2.350"/>
  <system-out/>
  <testcase classname="pivotalApplication.InvestigationReport" name="UploadCamOk" time="2.842"/>
  <system-out/>
  <testcase classname="pivotalApplication.InvestigationReport" name="Transscript1" time="2.408"/>
  <system-out/>
  <testcase classname="pivotalApplication.InvestigationReport" name="DocumentsDropDown" time="5.281"/>
  <system-out/>
  <testcase classname="pivotalApplication.InvestigationReport" name="CreatedBy1" time="2.807"/>
  <system-out/>
  <testcase classname="pivotalApplication.InvestigationReport" name="DocumentOn1" time="2.294"/>
  <system-out/>
  <testcase classname="pivotalApplication.InvestigationReport" name="popUpOk1" time="2.323"/>
  <system-out/>
  <testcase classname="pivotalApplication.InvestigationReport" name="Gallery" time="2.345"/>
  <system-out/>
  <testcase classname="pivotalApplication.InvestigationReport" name="photo" time="10.335"/>
  <system-out/>
  <testcase classname="pivotalApplication.InvestigationReport" name="Upload" time="2.310"/>
  <system-out/>
  <testcase classname="pivotalApplication.InvestigationReport" name="UploadOk" time="2.750"/>
  <system-out/>
  <testcase classname="pivotalApplication.InvestigationReport" name="Transscript2" time="2.424"/>
  <system-out/>
  <testcase classname="pivotalApplication.InvestigationReport" name="DocumentsDropDown1" time="5.270"/>
  <system-out/>
  <testcase classname="pivotalApplication.InvestigationReport" name="CreatedBy2" time="2.794"/>
  <system-out/>
  <testcase classname="pivotalApplication.InvestigationReport" name="DocumentOn2" time="2.252"/>
  <system-out/>
  <testcase classname="pivotalApplication.InvestigationReport" name="popUpOk2" time="2.304"/>
  <system-out/>
  <testcase classname="pivotalApplication.InvestigationReport" name="Files" time="2.340"/>
  <system-out/>
  <testcase classname="pivotalApplication.InvestigationReport" name="DocPdf" time="10.366"/>
  <system-out/>
  <testcase classname="pivotalApplication.InvestigationReport" name="Upload1" time="2.285"/>
  <system-out/>
  <testcase classname="pivotalApplication.InvestigationReport" name="UploadOk1" time="2.236">
    <error message="An element could not be located on the page using the given search parameters.
For documentation on this error, please visit: https://www.selenium.dev/documentation/webdriver/troubleshooting/errors#no-such-element-exception
Build info: version: &#039;4.13.0&#039;, revision: &#039;ba948ece5b*&#039;
System info: os.name: &#039;Windows 11&#039;, os.arch: &#039;amd64&#039;, os.version: &#039;10.0&#039;, java.version: &#039;17.0.10&#039;
Driver info: io.appium.java_client.AppiumDriver
Command: [e50bfc28-f359-45ef-b730-d5c83ebadaba, findElement {using=xpath, value=//*[@text=&#039;OK&#039;]}]
Capabilities {appium:app: C:\pivotalapp-stage-vishakh..., appium:appActivity: com.calculator_apps.MainAct..., appium:appPackage: com.calculator_apps, appium:automationName: UiAutomator2, appium:databaseEnabled: false, appium:desired: {app: C:\pivotalapp-stage-vishakh..., appActivity: com.calculator_apps.MainAct..., appPackage: com.calculator_apps, automationName: UiAutomator2, deviceName: samsung, newCommandTimeout: 120000, noReset: false, platformName: ANDROID, platformVersion: 11, –session-override: true}, appium:deviceApiLevel: 30, appium:deviceManufacturer: samsung, appium:deviceModel: SM-A305F, appium:deviceName: RZ8M5181Y3M, appium:deviceScreenDensity: 420, appium:deviceScreenSize: 1080x2340, appium:deviceUDID: RZ8M5181Y3M, appium:javascriptEnabled: true, appium:locationContextEnabled: false, appium:networkConnectionEnabled: true, appium:newCommandTimeout: 120000, appium:noReset: false, appium:pixelRatio: 2.625, appium:platformVersion: 11, appium:statBarHeight: 83, appium:takesScreenshot: true, appium:viewportRect: {height: 2257, left: 0, top: 83, width: 1080}, appium:warnings: {}, appium:webStorageEnabled: false, appium:–session-override: true, platformName: ANDROID}
Session ID: e50bfc28-f359-45ef-b730-d5c83ebadaba" type="org.openqa.selenium.NoSuchElementException">
      <![CDATA[org.openqa.selenium.NoSuchElementException: An element could not be located on the page using the given search parameters.
For documentation on this error, please visit: https://www.selenium.dev/documentation/webdriver/troubleshooting/errors#no-such-element-exception
Build info: version: '4.13.0', revision: 'ba948ece5b*'
System info: os.name: 'Windows 11', os.arch: 'amd64', os.version: '10.0', java.version: '17.0.10'
Driver info: io.appium.java_client.AppiumDriver
Command: [e50bfc28-f359-45ef-b730-d5c83ebadaba, findElement {using=xpath, value=//*[@text='OK']}]
Capabilities {appium:app: C:\pivotalapp-stage-vishakh..., appium:appActivity: com.calculator_apps.MainAct..., appium:appPackage: com.calculator_apps, appium:automationName: UiAutomator2, appium:databaseEnabled: false, appium:desired: {app: C:\pivotalapp-stage-vishakh..., appActivity: com.calculator_apps.MainAct..., appPackage: com.calculator_apps, automationName: UiAutomator2, deviceName: samsung, newCommandTimeout: 120000, noReset: false, platformName: ANDROID, platformVersion: 11, –session-override: true}, appium:deviceApiLevel: 30, appium:deviceManufacturer: samsung, appium:deviceModel: SM-A305F, appium:deviceName: RZ8M5181Y3M, appium:deviceScreenDensity: 420, appium:deviceScreenSize: 1080x2340, appium:deviceUDID: RZ8M5181Y3M, appium:javascriptEnabled: true, appium:locationContextEnabled: false, appium:networkConnectionEnabled: true, appium:newCommandTimeout: 120000, appium:noReset: false, appium:pixelRatio: 2.625, appium:platformVersion: 11, appium:statBarHeight: 83, appium:takesScreenshot: true, appium:viewportRect: {height: 2257, left: 0, top: 83, width: 1080}, appium:warnings: {}, appium:webStorageEnabled: false, appium:–session-override: true, platformName: ANDROID}
Session ID: e50bfc28-f359-45ef-b730-d5c83ebadaba
at java.base/jdk.internal.reflect.NativeConstructorAccessorImpl.newInstance0(Native Method)
at java.base/jdk.internal.reflect.NativeConstructorAccessorImpl.newInstance(NativeConstructorAccessorImpl.java:77)
at java.base/jdk.internal.reflect.DelegatingConstructorAccessorImpl.newInstance(DelegatingConstructorAccessorImpl.java:45)
at java.base/java.lang.reflect.Constructor.newInstanceWithCaller(Constructor.java:499)
at java.base/java.lang.reflect.Constructor.newInstance(Constructor.java:480)
at org.openqa.selenium.remote.codec.w3c.W3CHttpResponseCodec.createException(W3CHttpResponseCodec.java:200)
at org.openqa.selenium.remote.codec.w3c.W3CHttpResponseCodec.decode(W3CHttpResponseCodec.java:133)
at org.openqa.selenium.remote.codec.w3c.W3CHttpResponseCodec.decode(W3CHttpResponseCodec.java:52)
at org.openqa.selenium.remote.HttpCommandExecutor.execute(HttpCommandExecutor.java:191)
at io.appium.java_client.remote.AppiumCommandExecutor.execute(AppiumCommandExecutor.java:250)
at org.openqa.selenium.remote.RemoteWebDriver.execute(RemoteWebDriver.java:602)
at org.openqa.selenium.remote.ElementLocation$ElementFinder$2.findElement(ElementLocation.java:165)
at org.openqa.selenium.remote.ElementLocation.findElement(ElementLocation.java:59)
at org.openqa.selenium.remote.RemoteWebDriver.findElement(RemoteWebDriver.java:359)
at org.openqa.selenium.remote.RemoteWebDriver.findElement(RemoteWebDriver.java:353)
at pivotalApplication.InvestigationReport.UploadOk1(InvestigationReport.java:451)
at java.base/jdk.internal.reflect.NativeMethodAccessorImpl.invoke0(Native Method)
at java.base/jdk.internal.reflect.NativeMethodAccessorImpl.invoke(NativeMethodAccessorImpl.java:77)
at java.base/jdk.internal.reflect.DelegatingMethodAccessorImpl.invoke(DelegatingMethodAccessorImpl.java:43)
at java.base/java.lang.reflect.Method.invoke(Method.java:568)
at org.testng.internal.MethodInvocationHelper.invokeMethod(MethodInvocationHelper.java:133)
at org.testng.internal.TestInvoker.invokeMethod(TestInvoker.java:598)
at org.testng.internal.TestInvoker.invokeTestMethod(TestInvoker.java:173)
at org.testng.internal.MethodRunner.runInSequence(MethodRunner.java:46)
at org.testng.internal.TestInvoker$MethodInvocationAgent.invoke(TestInvoker.java:824)
at org.testng.internal.TestInvoker.invokeTestMethods(TestInvoker.java:146)
at org.testng.internal.TestMethodWorker.invokeTestMethods(TestMethodWorker.java:146)
at org.testng.internal.TestMethodWorker.run(TestMethodWorker.java:128)
at java.base/java.util.ArrayList.forEach(ArrayList.java:1511)
at org.testng.TestRunner.privateRun(TestRunner.java:794)
at org.testng.TestRunner.run(TestRunner.java:596)
at org.testng.SuiteRunner.runTest(SuiteRunner.java:377)
at org.testng.SuiteRunner.runSequentially(SuiteRunner.java:371)
at org.testng.SuiteRunner.privateRun(SuiteRunner.java:332)
at org.testng.SuiteRunner.run(SuiteRunner.java:276)
at org.testng.SuiteRunnerWorker.runSuite(SuiteRunnerWorker.java:53)
at org.testng.SuiteRunnerWorker.run(SuiteRunnerWorker.java:96)
at org.testng.TestNG.runSuitesSequentially(TestNG.java:1212)
at org.testng.TestNG.runSuitesLocally(TestNG.java:1134)
at org.testng.TestNG.runSuites(TestNG.java:1063)
at org.testng.TestNG.run(TestNG.java:1031)
at org.testng.remote.AbstractRemoteTestNG.run(AbstractRemoteTestNG.java:115)
at org.testng.remote.RemoteTestNG.initAndRun(RemoteTestNG.java:251)
at org.testng.remote.RemoteTestNG.main(RemoteTestNG.java:77)
]]>
    </error>
  </testcase> <!-- UploadOk1 -->
  <system-out/>
</testsuite> <!-- pivotalApplication.InvestigationReport -->
