<?xml version="1.0" encoding="UTF-8"?>
<!-- Generated by org.testng.reporters.JUnitReportReporter -->
<testsuite hostname="CopiousCare" failures="0" tests="23" name="webAuto.DummyVaccine" time="173.948" errors="1" timestamp="2024-05-08T12:01:11 IST" skipped="0">
  <testcase classname="webAuto.DummyVaccine" name="numberField" time="0.123"/>
  <system-out/>
  <testcase classname="webAuto.DummyVaccine" name="sendOTP" time="5.496"/>
  <system-out/>
  <testcase classname="webAuto.DummyVaccine" name="verifyButton" time="10.051"/>
  <system-out/>
  <testcase classname="webAuto.DummyVaccine" name="createPatient" time="0.371"/>
  <system-out/>
  <testcase classname="webAuto.DummyVaccine" name="Number1" time="0.193"/>
  <system-out/>
  <testcase classname="webAuto.DummyVaccine" name="confirm" time="2.544"/>
  <system-out/>
  <testcase classname="webAuto.DummyVaccine" name="number2" time="0.156"/>
  <system-out/>
  <testcase classname="webAuto.DummyVaccine" name="firstName" time="0.112"/>
  <system-out/>
  <testcase classname="webAuto.DummyVaccine" name="middleName" time="0.117"/>
  <system-out/>
  <testcase classname="webAuto.DummyVaccine" name="lastName" time="0.099"/>
  <system-out/>
  <testcase classname="webAuto.DummyVaccine" name="birthDate" time="0.333"/>
  <system-out/>
  <testcase classname="webAuto.DummyVaccine" name="genFemale" time="0.066"/>
  <system-out/>
  <testcase classname="webAuto.DummyVaccine" name="address" time="0.115"/>
  <system-out/>
  <testcase classname="webAuto.DummyVaccine" name="locality" time="0.123"/>
  <system-out/>
  <testcase classname="webAuto.DummyVaccine" name="city" time="0.119"/>
  <system-out/>
  <testcase classname="webAuto.DummyVaccine" name="pinCode" time="0.224"/>
  <system-out/>
  <testcase classname="webAuto.DummyVaccine" name="nextButton" time="15.112"/>
  <system-out/>
  <testcase classname="webAuto.DummyVaccine" name="clickClose" time="1.022"/>
  <system-out/>
  <testcase classname="webAuto.DummyVaccine" name="fillVitalForm" time="15.745"/>
  <system-out/>
  <testcase classname="webAuto.DummyVaccine" name="fillHealthProfile" time="11.237"/>
  <system-out/>
  <testcase classname="webAuto.DummyVaccine" name="fillFamilyProfile" time="16.408"/>
  <system-out/>
  <testcase classname="webAuto.DummyVaccine" name="HealthBirthVaccine" time="18.870"/>
  <system-out/>
  <testcase classname="webAuto.DummyVaccine" name="Health6WeekVisitVaccine" time="75.312">
    <error message="no such element: Unable to locate element: {&quot;method&quot;:&quot;xpath&quot;,&quot;selector&quot;:&quot;/html/body/app-root/app-layout/ng-sidebar-container/div/div/div/app-profile-summary/div/div[2]/patient-immunization/div/div[3]/div/table/tbody/tr[10]/td[8]/div&quot;}
  (Session info: chrome=124.0.6367.91)
For documentation on this error, please visit: https://www.selenium.dev/documentation/webdriver/troubleshooting/errors#no-such-element-exception
Build info: version: &#039;4.13.0&#039;, revision: &#039;ba948ece5b*&#039;
System info: os.name: &#039;Windows 11&#039;, os.arch: &#039;amd64&#039;, os.version: &#039;10.0&#039;, java.version: &#039;17.0.10&#039;
Driver info: org.openqa.selenium.chrome.ChromeDriver
Command: [8af65402b094fbcc57f39c67375737a1, findElement {using=xpath, value=/html/body/app-root/app-layout/ng-sidebar-container/div/div/div/app-profile-summary/div/div[2]/patient-immunization/div/div[3]/div/table/tbody/tr[10]/td[8]/div}]
Capabilities {acceptInsecureCerts: false, browserName: chrome, browserVersion: 124.0.6367.91, chrome: {chromedriverVersion: 123.0.6312.86 (9b72c47a0536..., userDataDir: C:\Users\91966\AppData\Loca...}, fedcm:accounts: true, goog:chromeOptions: {debuggerAddress: localhost:54149}, networkConnectionEnabled: false, pageLoadStrategy: normal, platformName: windows, proxy: Proxy(), se:cdp: ws://localhost:54149/devtoo..., se:cdpVersion: 124.0.6367.91, setWindowRect: true, strictFileInteractability: false, timeouts: {implicit: 0, pageLoad: 300000, script: 30000}, unhandledPromptBehavior: dismiss and notify, webauthn:extension:credBlob: true, webauthn:extension:largeBlob: true, webauthn:extension:minPinLength: true, webauthn:extension:prf: true, webauthn:virtualAuthenticators: true}
Session ID: 8af65402b094fbcc57f39c67375737a1" type="org.openqa.selenium.NoSuchElementException">
      <![CDATA[org.openqa.selenium.NoSuchElementException: no such element: Unable to locate element: {"method":"xpath","selector":"/html/body/app-root/app-layout/ng-sidebar-container/div/div/div/app-profile-summary/div/div[2]/patient-immunization/div/div[3]/div/table/tbody/tr[10]/td[8]/div"}
  (Session info: chrome=124.0.6367.91)
For documentation on this error, please visit: https://www.selenium.dev/documentation/webdriver/troubleshooting/errors#no-such-element-exception
Build info: version: '4.13.0', revision: 'ba948ece5b*'
System info: os.name: 'Windows 11', os.arch: 'amd64', os.version: '10.0', java.version: '17.0.10'
Driver info: org.openqa.selenium.chrome.ChromeDriver
Command: [8af65402b094fbcc57f39c67375737a1, findElement {using=xpath, value=/html/body/app-root/app-layout/ng-sidebar-container/div/div/div/app-profile-summary/div/div[2]/patient-immunization/div/div[3]/div/table/tbody/tr[10]/td[8]/div}]
Capabilities {acceptInsecureCerts: false, browserName: chrome, browserVersion: 124.0.6367.91, chrome: {chromedriverVersion: 123.0.6312.86 (9b72c47a0536..., userDataDir: C:\Users\91966\AppData\Loca...}, fedcm:accounts: true, goog:chromeOptions: {debuggerAddress: localhost:54149}, networkConnectionEnabled: false, pageLoadStrategy: normal, platformName: windows, proxy: Proxy(), se:cdp: ws://localhost:54149/devtoo..., se:cdpVersion: 124.0.6367.91, setWindowRect: true, strictFileInteractability: false, timeouts: {implicit: 0, pageLoad: 300000, script: 30000}, unhandledPromptBehavior: dismiss and notify, webauthn:extension:credBlob: true, webauthn:extension:largeBlob: true, webauthn:extension:minPinLength: true, webauthn:extension:prf: true, webauthn:virtualAuthenticators: true}
Session ID: 8af65402b094fbcc57f39c67375737a1
at java.base/jdk.internal.reflect.NativeConstructorAccessorImpl.newInstance0(Native Method)
at java.base/jdk.internal.reflect.NativeConstructorAccessorImpl.newInstance(NativeConstructorAccessorImpl.java:77)
at java.base/jdk.internal.reflect.DelegatingConstructorAccessorImpl.newInstance(DelegatingConstructorAccessorImpl.java:45)
at java.base/java.lang.reflect.Constructor.newInstanceWithCaller(Constructor.java:499)
at java.base/java.lang.reflect.Constructor.newInstance(Constructor.java:480)
at org.openqa.selenium.remote.codec.w3c.W3CHttpResponseCodec.createException(W3CHttpResponseCodec.java:200)
at org.openqa.selenium.remote.codec.w3c.W3CHttpResponseCodec.decode(W3CHttpResponseCodec.java:133)
at org.openqa.selenium.remote.codec.w3c.W3CHttpResponseCodec.decode(W3CHttpResponseCodec.java:52)
at org.openqa.selenium.remote.HttpCommandExecutor.execute(HttpCommandExecutor.java:191)
at org.openqa.selenium.remote.service.DriverCommandExecutor.invokeExecute(DriverCommandExecutor.java:196)
at org.openqa.selenium.remote.service.DriverCommandExecutor.execute(DriverCommandExecutor.java:171)
at org.openqa.selenium.remote.RemoteWebDriver.execute(RemoteWebDriver.java:602)
at org.openqa.selenium.remote.ElementLocation$ElementFinder$2.findElement(ElementLocation.java:165)
at org.openqa.selenium.remote.ElementLocation.findElement(ElementLocation.java:59)
at org.openqa.selenium.remote.RemoteWebDriver.findElement(RemoteWebDriver.java:359)
at org.openqa.selenium.remote.RemoteWebDriver.findElement(RemoteWebDriver.java:353)
at webAuto.DummyVaccine.Health6WeekVisitVaccine(DummyVaccine.java:767)
at java.base/jdk.internal.reflect.NativeMethodAccessorImpl.invoke0(Native Method)
at java.base/jdk.internal.reflect.NativeMethodAccessorImpl.invoke(NativeMethodAccessorImpl.java:77)
at java.base/jdk.internal.reflect.DelegatingMethodAccessorImpl.invoke(DelegatingMethodAccessorImpl.java:43)
at java.base/java.lang.reflect.Method.invoke(Method.java:568)
at org.testng.internal.MethodInvocationHelper.invokeMethod(MethodInvocationHelper.java:133)
at org.testng.internal.TestInvoker.invokeMethod(TestInvoker.java:598)
at org.testng.internal.TestInvoker.invokeTestMethod(TestInvoker.java:173)
at org.testng.internal.MethodRunner.runInSequence(MethodRunner.java:46)
at org.testng.internal.TestInvoker$MethodInvocationAgent.invoke(TestInvoker.java:824)
at org.testng.internal.TestInvoker.invokeTestMethods(TestInvoker.java:146)
at org.testng.internal.TestMethodWorker.invokeTestMethods(TestMethodWorker.java:146)
at org.testng.internal.TestMethodWorker.run(TestMethodWorker.java:128)
at java.base/java.util.ArrayList.forEach(ArrayList.java:1511)
at org.testng.TestRunner.privateRun(TestRunner.java:794)
at org.testng.TestRunner.run(TestRunner.java:596)
at org.testng.SuiteRunner.runTest(SuiteRunner.java:377)
at org.testng.SuiteRunner.runSequentially(SuiteRunner.java:371)
at org.testng.SuiteRunner.privateRun(SuiteRunner.java:332)
at org.testng.SuiteRunner.run(SuiteRunner.java:276)
at org.testng.SuiteRunnerWorker.runSuite(SuiteRunnerWorker.java:53)
at org.testng.SuiteRunnerWorker.run(SuiteRunnerWorker.java:96)
at org.testng.TestNG.runSuitesSequentially(TestNG.java:1212)
at org.testng.TestNG.runSuitesLocally(TestNG.java:1134)
at org.testng.TestNG.runSuites(TestNG.java:1063)
at org.testng.TestNG.run(TestNG.java:1031)
at org.testng.remote.AbstractRemoteTestNG.run(AbstractRemoteTestNG.java:115)
at org.testng.remote.RemoteTestNG.initAndRun(RemoteTestNG.java:251)
at org.testng.remote.RemoteTestNG.main(RemoteTestNG.java:77)
]]>
    </error>
  </testcase> <!-- Health6WeekVisitVaccine -->
  <system-out/>
</testsuite> <!-- webAuto.DummyVaccine -->
