<?xml version="1.0" encoding="UTF-8"?>
<!-- Generated by org.testng.reporters.JUnitReportReporter -->
<testsuite hostname="CopiousCare" failures="0" tests="29" name="pivotalApplication.EditVitals" time="195.249" errors="1" timestamp="2024-04-15T16:52:38 IST" skipped="0">
  <testcase classname="pivotalApplication.EditVitals" name="BfSuite" time="0.874"/>
  <system-out/>
  <testcase classname="pivotalApplication.EditVitals" name="NumberField" time="1.238"/>
  <system-out/>
  <testcase classname="pivotalApplication.EditVitals" name="IAgree" time="2.186"/>
  <system-out/>
  <testcase classname="pivotalApplication.EditVitals" name="proceedButton" time="2.404"/>
  <system-out/>
  <testcase classname="pivotalApplication.EditVitals" name="OTP" time="10.915"/>
  <system-out/>
  <testcase classname="pivotalApplication.EditVitals" name="submit" time="13.183"/>
  <system-out/>
  <testcase classname="pivotalApplication.EditVitals" name="Search" time="8.507"/>
  <system-out/>
  <testcase classname="pivotalApplication.EditVitals" name="ClickPatient" time="4.244"/>
  <system-out/>
  <testcase classname="pivotalApplication.EditVitals" name="EditVital" time="8.188"/>
  <system-out/>
  <testcase classname="pivotalApplication.EditVitals" name="weight" time="1.097"/>
  <system-out/>
  <testcase classname="pivotalApplication.EditVitals" name="Height" time="7.000"/>
  <system-out/>
  <testcase classname="pivotalApplication.EditVitals" name="HC" time="6.410"/>
  <system-out/>
  <testcase classname="pivotalApplication.EditVitals" name="CC" time="6.244"/>
  <system-out/>
  <testcase classname="pivotalApplication.EditVitals" name="Temperature" time="6.654"/>
  <system-out/>
  <testcase classname="pivotalApplication.EditVitals" name="SPO2" time="12.895"/>
  <system-out/>
  <testcase classname="pivotalApplication.EditVitals" name="UpArrow" time="11.184"/>
  <system-out/>
  <testcase classname="pivotalApplication.EditVitals" name="BPSYS" time="6.678"/>
  <system-out/>
  <testcase classname="pivotalApplication.EditVitals" name="BPDIA" time="6.632"/>
  <system-out/>
  <testcase classname="pivotalApplication.EditVitals" name="HeartRate" time="7.614"/>
  <system-out/>
  <testcase classname="pivotalApplication.EditVitals" name="Pulse" time="12.284"/>
  <system-out/>
  <testcase classname="pivotalApplication.EditVitals" name="BloodSugar" time="0.119">
    <error message="Index 0 out of bounds for length 0" type="java.lang.IndexOutOfBoundsException">
      <![CDATA[java.lang.IndexOutOfBoundsException: Index 0 out of bounds for length 0
at java.base/jdk.internal.util.Preconditions.outOfBounds(Preconditions.java:64)
at java.base/jdk.internal.util.Preconditions.outOfBoundsCheckIndex(Preconditions.java:70)
at java.base/jdk.internal.util.Preconditions.checkIndex(Preconditions.java:266)
at java.base/java.util.Objects.checkIndex(Objects.java:361)
at java.base/java.util.ArrayList.get(ArrayList.java:427)
at pivotalApplication.EditVitals.BloodSugar(EditVitals.java:294)
at java.base/jdk.internal.reflect.NativeMethodAccessorImpl.invoke0(Native Method)
at java.base/jdk.internal.reflect.NativeMethodAccessorImpl.invoke(NativeMethodAccessorImpl.java:77)
at java.base/jdk.internal.reflect.DelegatingMethodAccessorImpl.invoke(DelegatingMethodAccessorImpl.java:43)
at java.base/java.lang.reflect.Method.invoke(Method.java:568)
at org.testng.internal.MethodInvocationHelper.invokeMethod(MethodInvocationHelper.java:133)
at org.testng.internal.TestInvoker.invokeMethod(TestInvoker.java:598)
at org.testng.internal.TestInvoker.invokeTestMethod(TestInvoker.java:173)
at org.testng.internal.MethodRunner.runInSequence(MethodRunner.java:46)
at org.testng.internal.TestInvoker$MethodInvocationAgent.invoke(TestInvoker.java:824)
at org.testng.internal.TestInvoker.invokeTestMethods(TestInvoker.java:146)
at org.testng.internal.TestMethodWorker.invokeTestMethods(TestMethodWorker.java:146)
at org.testng.internal.TestMethodWorker.run(TestMethodWorker.java:128)
at java.base/java.util.ArrayList.forEach(ArrayList.java:1511)
at org.testng.TestRunner.privateRun(TestRunner.java:794)
at org.testng.TestRunner.run(TestRunner.java:596)
at org.testng.SuiteRunner.runTest(SuiteRunner.java:377)
at org.testng.SuiteRunner.runSequentially(SuiteRunner.java:371)
at org.testng.SuiteRunner.privateRun(SuiteRunner.java:332)
at org.testng.SuiteRunner.run(SuiteRunner.java:276)
at org.testng.SuiteRunnerWorker.runSuite(SuiteRunnerWorker.java:53)
at org.testng.SuiteRunnerWorker.run(SuiteRunnerWorker.java:96)
at org.testng.TestNG.runSuitesSequentially(TestNG.java:1212)
at org.testng.TestNG.runSuitesLocally(TestNG.java:1134)
at org.testng.TestNG.runSuites(TestNG.java:1063)
at org.testng.TestNG.run(TestNG.java:1031)
at org.testng.remote.AbstractRemoteTestNG.run(AbstractRemoteTestNG.java:115)
at org.testng.remote.RemoteTestNG.initAndRun(RemoteTestNG.java:251)
at org.testng.remote.RemoteTestNG.main(RemoteTestNG.java:77)
]]>
    </error>
  </testcase> <!-- BloodSugar -->
  <system-out/>
  <testcase classname="pivotalApplication.EditVitals" name="BloodSugarf" time="6.545"/>
  <system-out/>
  <testcase classname="pivotalApplication.EditVitals" name="BloodSugarPP" time="6.548"/>
  <system-out/>
  <testcase classname="pivotalApplication.EditVitals" name="BloodSugarHB" time="12.825"/>
  <system-out/>
  <testcase classname="pivotalApplication.EditVitals" name="CholesterolHDL" time="7.548"/>
  <system-out/>
  <testcase classname="pivotalApplication.EditVitals" name="CholesterolLDL" time="6.577"/>
  <system-out/>
  <testcase classname="pivotalApplication.EditVitals" name="TotalCholesterol" time="6.547"/>
  <system-out/>
  <testcase classname="pivotalApplication.EditVitals" name="Triglycerides" time="6.582"/>
  <system-out/>
  <testcase classname="pivotalApplication.EditVitals" name="Save" time="5.527"/>
  <system-out/>
</testsuite> <!-- pivotalApplication.EditVitals -->
