<?xml version="1.0" encoding="UTF-8"?>
<!-- Generated by org.testng.reporters.JUnitReportReporter -->
<testsuite hostname="CopiousCare" failures="0" tests="22" name="webAutoNegative.PatientEditVaccine" time="0.058" errors="1" timestamp="2024-05-02T15:30:39 IST" skipped="21">
  <testcase classname="webAutoNegative.PatientEditVaccine" name="setUp" time="0.058">
    <error message="chromedriver located at D://chromedriver.exe, but invalid
For documentation on this error, please visit: https://www.selenium.dev/documentation/webdriver/troubleshooting/errors/driver_location/
Build info: version: &#039;4.13.0&#039;, revision: &#039;ba948ece5b*&#039;
System info: os.name: &#039;Windows 11&#039;, os.arch: &#039;amd64&#039;, os.version: &#039;10.0&#039;, java.version: &#039;17.0.10&#039;
Driver info: driver.version: ChromeDriver" type="org.openqa.selenium.remote.NoSuchDriverException">
      <![CDATA[org.openqa.selenium.remote.NoSuchDriverException: chromedriver located at D://chromedriver.exe, but invalid
For documentation on this error, please visit: https://www.selenium.dev/documentation/webdriver/troubleshooting/errors/driver_location/
Build info: version: '4.13.0', revision: 'ba948ece5b*'
System info: os.name: 'Windows 11', os.arch: 'amd64', os.version: '10.0', java.version: '17.0.10'
Driver info: driver.version: ChromeDriver
at org.openqa.selenium.remote.service.DriverFinder.getPath(DriverFinder.java:45)
at org.openqa.selenium.remote.service.DriverFinder.getPath(DriverFinder.java:13)
at org.openqa.selenium.chrome.ChromeDriver.generateExecutor(ChromeDriver.java:99)
at org.openqa.selenium.chrome.ChromeDriver.<init>(ChromeDriver.java:88)
at org.openqa.selenium.chrome.ChromeDriver.<init>(ChromeDriver.java:83)
at org.openqa.selenium.chrome.ChromeDriver.<init>(ChromeDriver.java:51)
at webAutoNegative.PatientEditVaccine.setUp(PatientEditVaccine.java:134)
at java.base/jdk.internal.reflect.NativeMethodAccessorImpl.invoke0(Native Method)
at java.base/jdk.internal.reflect.NativeMethodAccessorImpl.invoke(NativeMethodAccessorImpl.java:77)
at java.base/jdk.internal.reflect.DelegatingMethodAccessorImpl.invoke(DelegatingMethodAccessorImpl.java:43)
at java.base/java.lang.reflect.Method.invoke(Method.java:568)
at org.testng.internal.MethodInvocationHelper.invokeMethod(MethodInvocationHelper.java:133)
at org.testng.internal.MethodInvocationHelper.invokeMethodConsideringTimeout(MethodInvocationHelper.java:62)
at org.testng.internal.ConfigInvoker.invokeConfigurationMethod(ConfigInvoker.java:385)
at org.testng.internal.ConfigInvoker.invokeConfigurations(ConfigInvoker.java:321)
at org.testng.internal.TestMethodWorker.invokeBeforeClassMethods(TestMethodWorker.java:176)
at org.testng.internal.TestMethodWorker.run(TestMethodWorker.java:122)
at java.base/java.util.ArrayList.forEach(ArrayList.java:1511)
at org.testng.TestRunner.privateRun(TestRunner.java:794)
at org.testng.TestRunner.run(TestRunner.java:596)
at org.testng.SuiteRunner.runTest(SuiteRunner.java:377)
at org.testng.SuiteRunner.runSequentially(SuiteRunner.java:371)
at org.testng.SuiteRunner.privateRun(SuiteRunner.java:332)
at org.testng.SuiteRunner.run(SuiteRunner.java:276)
at org.testng.SuiteRunnerWorker.runSuite(SuiteRunnerWorker.java:53)
at org.testng.SuiteRunnerWorker.run(SuiteRunnerWorker.java:96)
at org.testng.TestNG.runSuitesSequentially(TestNG.java:1212)
at org.testng.TestNG.runSuitesLocally(TestNG.java:1134)
at org.testng.TestNG.runSuites(TestNG.java:1063)
at org.testng.TestNG.run(TestNG.java:1031)
at org.testng.remote.AbstractRemoteTestNG.run(AbstractRemoteTestNG.java:115)
at org.testng.remote.RemoteTestNG.initAndRun(RemoteTestNG.java:251)
at org.testng.remote.RemoteTestNG.main(RemoteTestNG.java:77)
]]>
    </error>
  </testcase> <!-- setUp -->
  <system-out/>
  <testcase classname="webAutoNegative.PatientEditVaccine" name="numberField" time="0.000">
    <skipped/>
  </testcase> <!-- numberField -->
  <system-out/>
  <testcase classname="webAutoNegative.PatientEditVaccine" name="sendOTP" time="0.000">
    <skipped/>
  </testcase> <!-- sendOTP -->
  <system-out/>
  <testcase classname="webAutoNegative.PatientEditVaccine" name="verifyButton" time="0.000">
    <skipped/>
  </testcase> <!-- verifyButton -->
  <system-out/>
  <testcase classname="webAutoNegative.PatientEditVaccine" name="createPatient" time="0.000">
    <skipped/>
  </testcase> <!-- createPatient -->
  <system-out/>
  <testcase classname="webAutoNegative.PatientEditVaccine" name="Number1" time="0.000">
    <skipped/>
  </testcase> <!-- Number1 -->
  <system-out/>
  <testcase classname="webAutoNegative.PatientEditVaccine" name="confirm" time="0.000">
    <skipped/>
  </testcase> <!-- confirm -->
  <system-out/>
  <testcase classname="webAutoNegative.PatientEditVaccine" name="number2" time="0.000">
    <skipped/>
  </testcase> <!-- number2 -->
  <system-out/>
  <testcase classname="webAutoNegative.PatientEditVaccine" name="firstName" time="0.000">
    <skipped/>
  </testcase> <!-- firstName -->
  <system-out/>
  <testcase classname="webAutoNegative.PatientEditVaccine" name="middleName" time="0.000">
    <skipped/>
  </testcase> <!-- middleName -->
  <system-out/>
  <testcase classname="webAutoNegative.PatientEditVaccine" name="lastName" time="0.000">
    <skipped/>
  </testcase> <!-- lastName -->
  <system-out/>
  <testcase classname="webAutoNegative.PatientEditVaccine" name="birthDate" time="0.000">
    <skipped/>
  </testcase> <!-- birthDate -->
  <system-out/>
  <testcase classname="webAutoNegative.PatientEditVaccine" name="genFemale" time="0.000">
    <skipped/>
  </testcase> <!-- genFemale -->
  <system-out/>
  <testcase classname="webAutoNegative.PatientEditVaccine" name="address" time="0.000">
    <skipped/>
  </testcase> <!-- address -->
  <system-out/>
  <testcase classname="webAutoNegative.PatientEditVaccine" name="locality" time="0.000">
    <skipped/>
  </testcase> <!-- locality -->
  <system-out/>
  <testcase classname="webAutoNegative.PatientEditVaccine" name="city" time="0.000">
    <skipped/>
  </testcase> <!-- city -->
  <system-out/>
  <testcase classname="webAutoNegative.PatientEditVaccine" name="pinCode" time="0.000">
    <skipped/>
  </testcase> <!-- pinCode -->
  <system-out/>
  <testcase classname="webAutoNegative.PatientEditVaccine" name="nextButton" time="0.000">
    <skipped/>
  </testcase> <!-- nextButton -->
  <system-out/>
  <testcase classname="webAutoNegative.PatientEditVaccine" name="clickClose" time="0.000">
    <skipped/>
  </testcase> <!-- clickClose -->
  <system-out/>
  <testcase classname="webAutoNegative.PatientEditVaccine" name="fillVitalForm" time="0.000">
    <skipped/>
  </testcase> <!-- fillVitalForm -->
  <system-out/>
  <testcase classname="webAutoNegative.PatientEditVaccine" name="fillHealthProfile" time="0.000">
    <skipped/>
  </testcase> <!-- fillHealthProfile -->
  <system-out/>
  <testcase classname="webAutoNegative.PatientEditVaccine" name="fillFamilyProfile" time="0.000">
    <skipped/>
  </testcase> <!-- fillFamilyProfile -->
  <system-out/>
</testsuite> <!-- webAutoNegative.PatientEditVaccine -->
