<?xml version="1.0" encoding="UTF-8"?>
<!-- Generated by org.testng.reporters.JUnitReportReporter -->
<testsuite hostname="CopiousCare" failures="0" tests="16" name="pivotalApplication.EditMoreInformation" time="73.464" errors="2" timestamp="2024-04-12T15:55:37 IST" skipped="0">
  <testcase classname="pivotalApplication.EditMoreInformation" name="BfSuite" time="0.594"/>
  <system-out/>
  <testcase classname="pivotalApplication.EditMoreInformation" name="NumberField" time="1.197"/>
  <system-out/>
  <testcase classname="pivotalApplication.EditMoreInformation" name="IAgree" time="2.163"/>
  <system-out/>
  <testcase classname="pivotalApplication.EditMoreInformation" name="proceedButton" time="2.400"/>
  <system-out/>
  <testcase classname="pivotalApplication.EditMoreInformation" name="OTP" time="11.004"/>
  <system-out/>
  <testcase classname="pivotalApplication.EditMoreInformation" name="submit" time="13.161"/>
  <system-out/>
  <testcase classname="pivotalApplication.EditMoreInformation" name="Search" time="11.641"/>
  <system-out/>
  <testcase classname="pivotalApplication.EditMoreInformation" name="ClickPatient" time="3.232"/>
  <system-out/>
  <testcase classname="pivotalApplication.EditMoreInformation" name="ClickEdit" time="3.175"/>
  <system-out/>
  <testcase classname="pivotalApplication.EditMoreInformation" name="AddMedicalCondition" time="5.258"/>
  <system-out/>
  <testcase classname="pivotalApplication.EditMoreInformation" name="SelectMedicalCondition" time="5.074">
    <error message="Cached elements &#039;By.clazz: android.widget.TextView&#039; do not exist in DOM anymore
For documentation on this error, please visit: https://www.selenium.dev/documentation/webdriver/troubleshooting/errors#stale-element-reference-exception
Build info: version: &#039;4.13.0&#039;, revision: &#039;ba948ece5b*&#039;
System info: os.name: &#039;Windows 11&#039;, os.arch: &#039;amd64&#039;, os.version: &#039;10.0&#039;, java.version: &#039;17.0.10&#039;
Driver info: io.appium.java_client.AppiumDriver
Command: [d231d0bc-d275-4bca-ac8c-3c3978107eb4, clickElement {id=00000000-0000-0e84-ffff-ffff00000347}]
Capabilities {appium:app: C:\pivotalapp-stage-vishakh..., appium:appActivity: com.calculator_apps.MainAct..., appium:appPackage: com.calculator_apps, appium:automationName: UiAutomator2, appium:databaseEnabled: false, appium:desired: {app: C:\pivotalapp-stage-vishakh..., appActivity: com.calculator_apps.MainAct..., appPackage: com.calculator_apps, automationName: UiAutomator2, deviceName: samsung, newCommandTimeout: 120000, noReset: false, platformName: ANDROID, platformVersion: 11, –session-override: true}, appium:deviceApiLevel: 30, appium:deviceManufacturer: samsung, appium:deviceModel: SM-A305F, appium:deviceName: RZ8M5181Y3M, appium:deviceScreenDensity: 420, appium:deviceScreenSize: 1080x2340, appium:deviceUDID: RZ8M5181Y3M, appium:javascriptEnabled: true, appium:locationContextEnabled: false, appium:networkConnectionEnabled: true, appium:newCommandTimeout: 120000, appium:noReset: false, appium:pixelRatio: 2.625, appium:platformVersion: 11, appium:statBarHeight: 83, appium:takesScreenshot: true, appium:viewportRect: {height: 2257, left: 0, top: 83, width: 1080}, appium:warnings: {}, appium:webStorageEnabled: false, appium:–session-override: true, platformName: ANDROID}
Element: [[AppiumDriver:  on ANDROID (d231d0bc-d275-4bca-ac8c-3c3978107eb4)] -&gt; class name: android.widget.TextView]
Session ID: d231d0bc-d275-4bca-ac8c-3c3978107eb4" type="org.openqa.selenium.StaleElementReferenceException">
      <![CDATA[org.openqa.selenium.StaleElementReferenceException: Cached elements 'By.clazz: android.widget.TextView' do not exist in DOM anymore
For documentation on this error, please visit: https://www.selenium.dev/documentation/webdriver/troubleshooting/errors#stale-element-reference-exception
Build info: version: '4.13.0', revision: 'ba948ece5b*'
System info: os.name: 'Windows 11', os.arch: 'amd64', os.version: '10.0', java.version: '17.0.10'
Driver info: io.appium.java_client.AppiumDriver
Command: [d231d0bc-d275-4bca-ac8c-3c3978107eb4, clickElement {id=00000000-0000-0e84-ffff-ffff00000347}]
Capabilities {appium:app: C:\pivotalapp-stage-vishakh..., appium:appActivity: com.calculator_apps.MainAct..., appium:appPackage: com.calculator_apps, appium:automationName: UiAutomator2, appium:databaseEnabled: false, appium:desired: {app: C:\pivotalapp-stage-vishakh..., appActivity: com.calculator_apps.MainAct..., appPackage: com.calculator_apps, automationName: UiAutomator2, deviceName: samsung, newCommandTimeout: 120000, noReset: false, platformName: ANDROID, platformVersion: 11, –session-override: true}, appium:deviceApiLevel: 30, appium:deviceManufacturer: samsung, appium:deviceModel: SM-A305F, appium:deviceName: RZ8M5181Y3M, appium:deviceScreenDensity: 420, appium:deviceScreenSize: 1080x2340, appium:deviceUDID: RZ8M5181Y3M, appium:javascriptEnabled: true, appium:locationContextEnabled: false, appium:networkConnectionEnabled: true, appium:newCommandTimeout: 120000, appium:noReset: false, appium:pixelRatio: 2.625, appium:platformVersion: 11, appium:statBarHeight: 83, appium:takesScreenshot: true, appium:viewportRect: {height: 2257, left: 0, top: 83, width: 1080}, appium:warnings: {}, appium:webStorageEnabled: false, appium:–session-override: true, platformName: ANDROID}
Element: [[AppiumDriver:  on ANDROID (d231d0bc-d275-4bca-ac8c-3c3978107eb4)] -> class name: android.widget.TextView]
Session ID: d231d0bc-d275-4bca-ac8c-3c3978107eb4
at java.base/jdk.internal.reflect.NativeConstructorAccessorImpl.newInstance0(Native Method)
at java.base/jdk.internal.reflect.NativeConstructorAccessorImpl.newInstance(NativeConstructorAccessorImpl.java:77)
at java.base/jdk.internal.reflect.DelegatingConstructorAccessorImpl.newInstance(DelegatingConstructorAccessorImpl.java:45)
at java.base/java.lang.reflect.Constructor.newInstanceWithCaller(Constructor.java:499)
at java.base/java.lang.reflect.Constructor.newInstance(Constructor.java:480)
at org.openqa.selenium.remote.codec.w3c.W3CHttpResponseCodec.createException(W3CHttpResponseCodec.java:200)
at org.openqa.selenium.remote.codec.w3c.W3CHttpResponseCodec.decode(W3CHttpResponseCodec.java:133)
at org.openqa.selenium.remote.codec.w3c.W3CHttpResponseCodec.decode(W3CHttpResponseCodec.java:52)
at org.openqa.selenium.remote.HttpCommandExecutor.execute(HttpCommandExecutor.java:191)
at io.appium.java_client.remote.AppiumCommandExecutor.execute(AppiumCommandExecutor.java:250)
at org.openqa.selenium.remote.RemoteWebDriver.execute(RemoteWebDriver.java:602)
at org.openqa.selenium.remote.RemoteWebElement.execute(RemoteWebElement.java:224)
at org.openqa.selenium.remote.RemoteWebElement.click(RemoteWebElement.java:77)
at pivotalApplication.EditMoreInformation.SelectMedicalCondition(EditMoreInformation.java:148)
at java.base/jdk.internal.reflect.NativeMethodAccessorImpl.invoke0(Native Method)
at java.base/jdk.internal.reflect.NativeMethodAccessorImpl.invoke(NativeMethodAccessorImpl.java:77)
at java.base/jdk.internal.reflect.DelegatingMethodAccessorImpl.invoke(DelegatingMethodAccessorImpl.java:43)
at java.base/java.lang.reflect.Method.invoke(Method.java:568)
at org.testng.internal.MethodInvocationHelper.invokeMethod(MethodInvocationHelper.java:133)
at org.testng.internal.TestInvoker.invokeMethod(TestInvoker.java:598)
at org.testng.internal.TestInvoker.invokeTestMethod(TestInvoker.java:173)
at org.testng.internal.MethodRunner.runInSequence(MethodRunner.java:46)
at org.testng.internal.TestInvoker$MethodInvocationAgent.invoke(TestInvoker.java:824)
at org.testng.internal.TestInvoker.invokeTestMethods(TestInvoker.java:146)
at org.testng.internal.TestMethodWorker.invokeTestMethods(TestMethodWorker.java:146)
at org.testng.internal.TestMethodWorker.run(TestMethodWorker.java:128)
at java.base/java.util.ArrayList.forEach(ArrayList.java:1511)
at org.testng.TestRunner.privateRun(TestRunner.java:794)
at org.testng.TestRunner.run(TestRunner.java:596)
at org.testng.SuiteRunner.runTest(SuiteRunner.java:377)
at org.testng.SuiteRunner.runSequentially(SuiteRunner.java:371)
at org.testng.SuiteRunner.privateRun(SuiteRunner.java:332)
at org.testng.SuiteRunner.run(SuiteRunner.java:276)
at org.testng.SuiteRunnerWorker.runSuite(SuiteRunnerWorker.java:53)
at org.testng.SuiteRunnerWorker.run(SuiteRunnerWorker.java:96)
at org.testng.TestNG.runSuitesSequentially(TestNG.java:1212)
at org.testng.TestNG.runSuitesLocally(TestNG.java:1134)
at org.testng.TestNG.runSuites(TestNG.java:1063)
at org.testng.TestNG.run(TestNG.java:1031)
at org.testng.remote.AbstractRemoteTestNG.run(AbstractRemoteTestNG.java:115)
at org.testng.remote.RemoteTestNG.initAndRun(RemoteTestNG.java:251)
at org.testng.remote.RemoteTestNG.main(RemoteTestNG.java:77)
]]>
    </error>
  </testcase> <!-- SelectMedicalCondition -->
  <system-out/>
  <testcase classname="pivotalApplication.EditMoreInformation" name="AddMedicalCondition1" time="2.235">
    <error message="An element could not be located on the page using the given search parameters.
For documentation on this error, please visit: https://www.selenium.dev/documentation/webdriver/troubleshooting/errors#no-such-element-exception
Build info: version: &#039;4.13.0&#039;, revision: &#039;ba948ece5b*&#039;
System info: os.name: &#039;Windows 11&#039;, os.arch: &#039;amd64&#039;, os.version: &#039;10.0&#039;, java.version: &#039;17.0.10&#039;
Driver info: io.appium.java_client.AppiumDriver
Command: [d231d0bc-d275-4bca-ac8c-3c3978107eb4, findElement {using=xpath, value=//*[@text=&#039;Add Medical Conditions&#039;]}]
Capabilities {appium:app: C:\pivotalapp-stage-vishakh..., appium:appActivity: com.calculator_apps.MainAct..., appium:appPackage: com.calculator_apps, appium:automationName: UiAutomator2, appium:databaseEnabled: false, appium:desired: {app: C:\pivotalapp-stage-vishakh..., appActivity: com.calculator_apps.MainAct..., appPackage: com.calculator_apps, automationName: UiAutomator2, deviceName: samsung, newCommandTimeout: 120000, noReset: false, platformName: ANDROID, platformVersion: 11, –session-override: true}, appium:deviceApiLevel: 30, appium:deviceManufacturer: samsung, appium:deviceModel: SM-A305F, appium:deviceName: RZ8M5181Y3M, appium:deviceScreenDensity: 420, appium:deviceScreenSize: 1080x2340, appium:deviceUDID: RZ8M5181Y3M, appium:javascriptEnabled: true, appium:locationContextEnabled: false, appium:networkConnectionEnabled: true, appium:newCommandTimeout: 120000, appium:noReset: false, appium:pixelRatio: 2.625, appium:platformVersion: 11, appium:statBarHeight: 83, appium:takesScreenshot: true, appium:viewportRect: {height: 2257, left: 0, top: 83, width: 1080}, appium:warnings: {}, appium:webStorageEnabled: false, appium:–session-override: true, platformName: ANDROID}
Session ID: d231d0bc-d275-4bca-ac8c-3c3978107eb4" type="org.openqa.selenium.NoSuchElementException">
      <![CDATA[org.openqa.selenium.NoSuchElementException: An element could not be located on the page using the given search parameters.
For documentation on this error, please visit: https://www.selenium.dev/documentation/webdriver/troubleshooting/errors#no-such-element-exception
Build info: version: '4.13.0', revision: 'ba948ece5b*'
System info: os.name: 'Windows 11', os.arch: 'amd64', os.version: '10.0', java.version: '17.0.10'
Driver info: io.appium.java_client.AppiumDriver
Command: [d231d0bc-d275-4bca-ac8c-3c3978107eb4, findElement {using=xpath, value=//*[@text='Add Medical Conditions']}]
Capabilities {appium:app: C:\pivotalapp-stage-vishakh..., appium:appActivity: com.calculator_apps.MainAct..., appium:appPackage: com.calculator_apps, appium:automationName: UiAutomator2, appium:databaseEnabled: false, appium:desired: {app: C:\pivotalapp-stage-vishakh..., appActivity: com.calculator_apps.MainAct..., appPackage: com.calculator_apps, automationName: UiAutomator2, deviceName: samsung, newCommandTimeout: 120000, noReset: false, platformName: ANDROID, platformVersion: 11, –session-override: true}, appium:deviceApiLevel: 30, appium:deviceManufacturer: samsung, appium:deviceModel: SM-A305F, appium:deviceName: RZ8M5181Y3M, appium:deviceScreenDensity: 420, appium:deviceScreenSize: 1080x2340, appium:deviceUDID: RZ8M5181Y3M, appium:javascriptEnabled: true, appium:locationContextEnabled: false, appium:networkConnectionEnabled: true, appium:newCommandTimeout: 120000, appium:noReset: false, appium:pixelRatio: 2.625, appium:platformVersion: 11, appium:statBarHeight: 83, appium:takesScreenshot: true, appium:viewportRect: {height: 2257, left: 0, top: 83, width: 1080}, appium:warnings: {}, appium:webStorageEnabled: false, appium:–session-override: true, platformName: ANDROID}
Session ID: d231d0bc-d275-4bca-ac8c-3c3978107eb4
at java.base/jdk.internal.reflect.NativeConstructorAccessorImpl.newInstance0(Native Method)
at java.base/jdk.internal.reflect.NativeConstructorAccessorImpl.newInstance(NativeConstructorAccessorImpl.java:77)
at java.base/jdk.internal.reflect.DelegatingConstructorAccessorImpl.newInstance(DelegatingConstructorAccessorImpl.java:45)
at java.base/java.lang.reflect.Constructor.newInstanceWithCaller(Constructor.java:499)
at java.base/java.lang.reflect.Constructor.newInstance(Constructor.java:480)
at org.openqa.selenium.remote.codec.w3c.W3CHttpResponseCodec.createException(W3CHttpResponseCodec.java:200)
at org.openqa.selenium.remote.codec.w3c.W3CHttpResponseCodec.decode(W3CHttpResponseCodec.java:133)
at org.openqa.selenium.remote.codec.w3c.W3CHttpResponseCodec.decode(W3CHttpResponseCodec.java:52)
at org.openqa.selenium.remote.HttpCommandExecutor.execute(HttpCommandExecutor.java:191)
at io.appium.java_client.remote.AppiumCommandExecutor.execute(AppiumCommandExecutor.java:250)
at org.openqa.selenium.remote.RemoteWebDriver.execute(RemoteWebDriver.java:602)
at org.openqa.selenium.remote.ElementLocation$ElementFinder$2.findElement(ElementLocation.java:165)
at org.openqa.selenium.remote.ElementLocation.findElement(ElementLocation.java:59)
at org.openqa.selenium.remote.RemoteWebDriver.findElement(RemoteWebDriver.java:359)
at org.openqa.selenium.remote.RemoteWebDriver.findElement(RemoteWebDriver.java:353)
at pivotalApplication.EditMoreInformation.AddMedicalCondition1(EditMoreInformation.java:159)
at java.base/jdk.internal.reflect.NativeMethodAccessorImpl.invoke0(Native Method)
at java.base/jdk.internal.reflect.NativeMethodAccessorImpl.invoke(NativeMethodAccessorImpl.java:77)
at java.base/jdk.internal.reflect.DelegatingMethodAccessorImpl.invoke(DelegatingMethodAccessorImpl.java:43)
at java.base/java.lang.reflect.Method.invoke(Method.java:568)
at org.testng.internal.MethodInvocationHelper.invokeMethod(MethodInvocationHelper.java:133)
at org.testng.internal.TestInvoker.invokeMethod(TestInvoker.java:598)
at org.testng.internal.TestInvoker.invokeTestMethod(TestInvoker.java:173)
at org.testng.internal.MethodRunner.runInSequence(MethodRunner.java:46)
at org.testng.internal.TestInvoker$MethodInvocationAgent.invoke(TestInvoker.java:824)
at org.testng.internal.TestInvoker.invokeTestMethods(TestInvoker.java:146)
at org.testng.internal.TestMethodWorker.invokeTestMethods(TestMethodWorker.java:146)
at org.testng.internal.TestMethodWorker.run(TestMethodWorker.java:128)
at java.base/java.util.ArrayList.forEach(ArrayList.java:1511)
at org.testng.TestRunner.privateRun(TestRunner.java:794)
at org.testng.TestRunner.run(TestRunner.java:596)
at org.testng.SuiteRunner.runTest(SuiteRunner.java:377)
at org.testng.SuiteRunner.runSequentially(SuiteRunner.java:371)
at org.testng.SuiteRunner.privateRun(SuiteRunner.java:332)
at org.testng.SuiteRunner.run(SuiteRunner.java:276)
at org.testng.SuiteRunnerWorker.runSuite(SuiteRunnerWorker.java:53)
at org.testng.SuiteRunnerWorker.run(SuiteRunnerWorker.java:96)
at org.testng.TestNG.runSuitesSequentially(TestNG.java:1212)
at org.testng.TestNG.runSuitesLocally(TestNG.java:1134)
at org.testng.TestNG.runSuites(TestNG.java:1063)
at org.testng.TestNG.run(TestNG.java:1031)
at org.testng.remote.AbstractRemoteTestNG.run(AbstractRemoteTestNG.java:115)
at org.testng.remote.RemoteTestNG.initAndRun(RemoteTestNG.java:251)
at org.testng.remote.RemoteTestNG.main(RemoteTestNG.java:77)
]]>
    </error>
  </testcase> <!-- AddMedicalCondition1 -->
  <system-out/>
  <testcase classname="pivotalApplication.EditMoreInformation" name="Allergies" time="3.363"/>
  <system-out/>
  <testcase classname="pivotalApplication.EditMoreInformation" name="ReComplaints" time="3.309"/>
  <system-out/>
  <testcase classname="pivotalApplication.EditMoreInformation" name="Hospitalization" time="3.338"/>
  <system-out/>
  <testcase classname="pivotalApplication.EditMoreInformation" name="Submit" time="2.320"/>
  <system-out/>
</testsuite> <!-- pivotalApplication.EditMoreInformation -->
