<?xml version="1.0" encoding="UTF-8"?>
<!-- Generated by org.testng.reporters.JUnitReportReporter -->
<testsuite hostname="CopiousCare" failures="0" tests="38" name="webAuto.PatientAppointmentPrescription" time="389.927" errors="1" timestamp="2024-11-15T17:19:03 IST" skipped="0">
  <testcase classname="webAuto.PatientAppointmentPrescription" name="numberField" time="0.120"/>
  <system-out/>
  <testcase classname="webAuto.PatientAppointmentPrescription" name="sendOTP" time="10.932"/>
  <system-out/>
  <testcase classname="webAuto.PatientAppointmentPrescription" name="verifyButton" time="10.119"/>
  <system-out/>
  <testcase classname="webAuto.PatientAppointmentPrescription" name="createPatient" time="5.238"/>
  <system-out/>
  <testcase classname="webAuto.PatientAppointmentPrescription" name="Number1" time="0.207"/>
  <system-out/>
  <testcase classname="webAuto.PatientAppointmentPrescription" name="confirm" time="1.920"/>
  <system-out/>
  <testcase classname="webAuto.PatientAppointmentPrescription" name="number2" time="0.251"/>
  <system-out/>
  <testcase classname="webAuto.PatientAppointmentPrescription" name="firstName" time="0.344"/>
  <system-out/>
  <testcase classname="webAuto.PatientAppointmentPrescription" name="middleName" time="0.218"/>
  <system-out/>
  <testcase classname="webAuto.PatientAppointmentPrescription" name="lastName" time="0.228"/>
  <system-out/>
  <testcase classname="webAuto.PatientAppointmentPrescription" name="birthDate" time="0.243"/>
  <system-out/>
  <testcase classname="webAuto.PatientAppointmentPrescription" name="genFemale" time="0.067"/>
  <system-out/>
  <testcase classname="webAuto.PatientAppointmentPrescription" name="address" time="0.136"/>
  <system-out/>
  <testcase classname="webAuto.PatientAppointmentPrescription" name="locality" time="0.144"/>
  <system-out/>
  <testcase classname="webAuto.PatientAppointmentPrescription" name="city" time="0.127"/>
  <system-out/>
  <testcase classname="webAuto.PatientAppointmentPrescription" name="pinCode" time="0.122"/>
  <system-out/>
  <testcase classname="webAuto.PatientAppointmentPrescription" name="nextButton" time="15.112"/>
  <system-out/>
  <testcase classname="webAuto.PatientAppointmentPrescription" name="proceedWithSameRMN" time="0.208"/>
  <system-out/>
  <testcase classname="webAuto.PatientAppointmentPrescription" name="clickClose" time="0.618"/>
  <system-out/>
  <testcase classname="webAuto.PatientAppointmentPrescription" name="fillVitalForm" time="16.342"/>
  <system-out/>
  <testcase classname="webAuto.PatientAppointmentPrescription" name="fillHealthProfile" time="10.872"/>
  <system-out/>
  <testcase classname="webAuto.PatientAppointmentPrescription" name="fillFamilyProfile" time="16.296"/>
  <system-out/>
  <testcase classname="webAuto.PatientAppointmentPrescription" name="GoHome" time="0.508"/>
  <system-out/>
  <testcase classname="webAuto.PatientAppointmentPrescription" name="AddNewAppointment" time="60.303">
    <error message="no such element: Unable to locate element: {&quot;method&quot;:&quot;xpath&quot;,&quot;selector&quot;:&quot;//*[text()=&#039; 04:55 pm&#039;]&quot;}
  (Session info: chrome=130.0.6723.92)
For documentation on this error, please visit: https://www.selenium.dev/documentation/webdriver/troubleshooting/errors#no-such-element-exception
Build info: version: &#039;4.13.0&#039;, revision: &#039;ba948ece5b*&#039;
System info: os.name: &#039;Windows 11&#039;, os.arch: &#039;amd64&#039;, os.version: &#039;10.0&#039;, java.version: &#039;17.0.10&#039;
Driver info: org.openqa.selenium.chrome.ChromeDriver
Command: [3fb8ceed256f14607d45aebc3f4cf40d, findElement {using=xpath, value=//*[text()=&#039; 04:55 pm&#039;]}]
Capabilities {acceptInsecureCerts: false, browserName: chrome, browserVersion: 130.0.6723.92, chrome: {chromedriverVersion: 129.0.6668.89 (951c0b97221f..., userDataDir: C:\Users\91966\AppData\Loca...}, fedcm:accounts: true, goog:chromeOptions: {debuggerAddress: localhost:60041}, networkConnectionEnabled: false, pageLoadStrategy: normal, platformName: windows, proxy: Proxy(), se:cdp: ws://localhost:60041/devtoo..., se:cdpVersion: 130.0.6723.92, setWindowRect: true, strictFileInteractability: false, timeouts: {implicit: 0, pageLoad: 300000, script: 30000}, unhandledPromptBehavior: dismiss and notify, webauthn:extension:credBlob: true, webauthn:extension:largeBlob: true, webauthn:extension:minPinLength: true, webauthn:extension:prf: true, webauthn:virtualAuthenticators: true}
Session ID: 3fb8ceed256f14607d45aebc3f4cf40d" type="org.openqa.selenium.NoSuchElementException">
      <![CDATA[org.openqa.selenium.NoSuchElementException: no such element: Unable to locate element: {"method":"xpath","selector":"//*[text()=' 04:55 pm']"}
  (Session info: chrome=130.0.6723.92)
For documentation on this error, please visit: https://www.selenium.dev/documentation/webdriver/troubleshooting/errors#no-such-element-exception
Build info: version: '4.13.0', revision: 'ba948ece5b*'
System info: os.name: 'Windows 11', os.arch: 'amd64', os.version: '10.0', java.version: '17.0.10'
Driver info: org.openqa.selenium.chrome.ChromeDriver
Command: [3fb8ceed256f14607d45aebc3f4cf40d, findElement {using=xpath, value=//*[text()=' 04:55 pm']}]
Capabilities {acceptInsecureCerts: false, browserName: chrome, browserVersion: 130.0.6723.92, chrome: {chromedriverVersion: 129.0.6668.89 (951c0b97221f..., userDataDir: C:\Users\91966\AppData\Loca...}, fedcm:accounts: true, goog:chromeOptions: {debuggerAddress: localhost:60041}, networkConnectionEnabled: false, pageLoadStrategy: normal, platformName: windows, proxy: Proxy(), se:cdp: ws://localhost:60041/devtoo..., se:cdpVersion: 130.0.6723.92, setWindowRect: true, strictFileInteractability: false, timeouts: {implicit: 0, pageLoad: 300000, script: 30000}, unhandledPromptBehavior: dismiss and notify, webauthn:extension:credBlob: true, webauthn:extension:largeBlob: true, webauthn:extension:minPinLength: true, webauthn:extension:prf: true, webauthn:virtualAuthenticators: true}
Session ID: 3fb8ceed256f14607d45aebc3f4cf40d
at java.base/jdk.internal.reflect.NativeConstructorAccessorImpl.newInstance0(Native Method)
at java.base/jdk.internal.reflect.NativeConstructorAccessorImpl.newInstance(NativeConstructorAccessorImpl.java:77)
at java.base/jdk.internal.reflect.DelegatingConstructorAccessorImpl.newInstance(DelegatingConstructorAccessorImpl.java:45)
at java.base/java.lang.reflect.Constructor.newInstanceWithCaller(Constructor.java:499)
at java.base/java.lang.reflect.Constructor.newInstance(Constructor.java:480)
at org.openqa.selenium.remote.codec.w3c.W3CHttpResponseCodec.createException(W3CHttpResponseCodec.java:200)
at org.openqa.selenium.remote.codec.w3c.W3CHttpResponseCodec.decode(W3CHttpResponseCodec.java:133)
at org.openqa.selenium.remote.codec.w3c.W3CHttpResponseCodec.decode(W3CHttpResponseCodec.java:52)
at org.openqa.selenium.remote.HttpCommandExecutor.execute(HttpCommandExecutor.java:191)
at org.openqa.selenium.remote.service.DriverCommandExecutor.invokeExecute(DriverCommandExecutor.java:196)
at org.openqa.selenium.remote.service.DriverCommandExecutor.execute(DriverCommandExecutor.java:171)
at org.openqa.selenium.remote.RemoteWebDriver.execute(RemoteWebDriver.java:602)
at org.openqa.selenium.remote.ElementLocation$ElementFinder$2.findElement(ElementLocation.java:165)
at org.openqa.selenium.remote.ElementLocation.findElement(ElementLocation.java:59)
at org.openqa.selenium.remote.RemoteWebDriver.findElement(RemoteWebDriver.java:359)
at org.openqa.selenium.remote.RemoteWebDriver.findElement(RemoteWebDriver.java:353)
at webAuto.PatientAppointmentPrescription.AddNewAppointment(PatientAppointmentPrescription.java:583)
at java.base/jdk.internal.reflect.NativeMethodAccessorImpl.invoke0(Native Method)
at java.base/jdk.internal.reflect.NativeMethodAccessorImpl.invoke(NativeMethodAccessorImpl.java:77)
at java.base/jdk.internal.reflect.DelegatingMethodAccessorImpl.invoke(DelegatingMethodAccessorImpl.java:43)
at java.base/java.lang.reflect.Method.invoke(Method.java:568)
at org.testng.internal.MethodInvocationHelper.invokeMethod(MethodInvocationHelper.java:133)
at org.testng.internal.TestInvoker.invokeMethod(TestInvoker.java:598)
at org.testng.internal.TestInvoker.invokeTestMethod(TestInvoker.java:173)
at org.testng.internal.MethodRunner.runInSequence(MethodRunner.java:46)
at org.testng.internal.TestInvoker$MethodInvocationAgent.invoke(TestInvoker.java:824)
at org.testng.internal.TestInvoker.invokeTestMethods(TestInvoker.java:146)
at org.testng.internal.TestMethodWorker.invokeTestMethods(TestMethodWorker.java:146)
at org.testng.internal.TestMethodWorker.run(TestMethodWorker.java:128)
at java.base/java.util.ArrayList.forEach(ArrayList.java:1511)
at org.testng.TestRunner.privateRun(TestRunner.java:794)
at org.testng.TestRunner.run(TestRunner.java:596)
at org.testng.SuiteRunner.runTest(SuiteRunner.java:377)
at org.testng.SuiteRunner.runSequentially(SuiteRunner.java:371)
at org.testng.SuiteRunner.privateRun(SuiteRunner.java:332)
at org.testng.SuiteRunner.run(SuiteRunner.java:276)
at org.testng.SuiteRunnerWorker.runSuite(SuiteRunnerWorker.java:53)
at org.testng.SuiteRunnerWorker.run(SuiteRunnerWorker.java:96)
at org.testng.TestNG.runSuitesSequentially(TestNG.java:1212)
at org.testng.TestNG.runSuitesLocally(TestNG.java:1134)
at org.testng.TestNG.runSuites(TestNG.java:1063)
at org.testng.TestNG.run(TestNG.java:1031)
at org.testng.remote.AbstractRemoteTestNG.run(AbstractRemoteTestNG.java:115)
at org.testng.remote.RemoteTestNG.initAndRun(RemoteTestNG.java:251)
at org.testng.remote.RemoteTestNG.main(RemoteTestNG.java:77)
]]>
    </error>
  </testcase> <!-- AddNewAppointment -->
  <system-out/>
  <testcase classname="webAuto.PatientAppointmentPrescription" name="AddPrescription" time="16.444"/>
  <system-out/>
  <testcase classname="webAuto.PatientAppointmentPrescription" name="Complaints" time="3.279"/>
  <system-out/>
  <testcase classname="webAuto.PatientAppointmentPrescription" name="VitalsOption" time="3.918"/>
  <system-out/>
  <testcase classname="webAuto.PatientAppointmentPrescription" name="BpandHeartOption" time="15.665"/>
  <system-out/>
  <testcase classname="webAuto.PatientAppointmentPrescription" name="BloodAndAnalysis" time="15.827"/>
  <system-out/>
  <testcase classname="webAuto.PatientAppointmentPrescription" name="LipidProfile" time="15.678"/>
  <system-out/>
  <testcase classname="webAuto.PatientAppointmentPrescription" name="OnExamination" time="15.445"/>
  <system-out/>
  <testcase classname="webAuto.PatientAppointmentPrescription" name="Diagnosis" time="20.206"/>
  <system-out/>
  <testcase classname="webAuto.PatientAppointmentPrescription" name="Medicine" time="0.039"/>
  <system-out/>
  <testcase classname="webAuto.PatientAppointmentPrescription" name="Medicine1" time="46.377"/>
  <system-out/>
  <testcase classname="webAuto.PatientAppointmentPrescription" name="DietaryAdvice" time="15.222"/>
  <system-out/>
  <testcase classname="webAuto.PatientAppointmentPrescription" name="GeneralInstruction" time="15.230"/>
  <system-out/>
  <testcase classname="webAuto.PatientAppointmentPrescription" name="SaveandProceed" time="0.112"/>
  <system-out/>
  <testcase classname="webAuto.PatientAppointmentPrescription" name="ConfirmPrescription" time="55.810"/>
  <system-out/>
</testsuite> <!-- webAuto.PatientAppointmentPrescription -->
