<?xml version="1.0" encoding="UTF-8"?>
<!-- Generated by org.testng.reporters.JUnitReportReporter -->
<testsuite hostname="CopiousCare" failures="0" tests="13" name="pivotalApplication.SearchNAppointment" time="64.730" errors="1" timestamp="2024-04-16T11:05:14 IST" skipped="0">
  <testcase classname="pivotalApplication.SearchNAppointment" name="BfSuite" time="0.593"/>
  <system-out/>
  <testcase classname="pivotalApplication.SearchNAppointment" name="NumberField" time="1.196"/>
  <system-out/>
  <testcase classname="pivotalApplication.SearchNAppointment" name="IAgree" time="2.143"/>
  <system-out/>
  <testcase classname="pivotalApplication.SearchNAppointment" name="proceedButton" time="2.381"/>
  <system-out/>
  <testcase classname="pivotalApplication.SearchNAppointment" name="OTP" time="11.007"/>
  <system-out/>
  <testcase classname="pivotalApplication.SearchNAppointment" name="submit" time="13.048"/>
  <system-out/>
  <testcase classname="pivotalApplication.SearchNAppointment" name="Search" time="8.971"/>
  <system-out/>
  <testcase classname="pivotalApplication.SearchNAppointment" name="Appointment" time="3.139"/>
  <system-out/>
  <testcase classname="pivotalApplication.SearchNAppointment" name="SlotTime" time="2.604"/>
  <system-out/>
  <testcase classname="pivotalApplication.SearchNAppointment" name="Time" time="2.475"/>
  <system-out/>
  <testcase classname="pivotalApplication.SearchNAppointment" name="SlotBook" time="2.191">
    <error message="Index 36 out of bounds for length 20" type="java.lang.IndexOutOfBoundsException">
      <![CDATA[java.lang.IndexOutOfBoundsException: Index 36 out of bounds for length 20
at java.base/jdk.internal.util.Preconditions.outOfBounds(Preconditions.java:64)
at java.base/jdk.internal.util.Preconditions.outOfBoundsCheckIndex(Preconditions.java:70)
at java.base/jdk.internal.util.Preconditions.checkIndex(Preconditions.java:266)
at java.base/java.util.Objects.checkIndex(Objects.java:361)
at java.base/java.util.ArrayList.get(ArrayList.java:427)
at pivotalApplication.SearchNAppointment.SlotBook(SearchNAppointment.java:172)
at java.base/jdk.internal.reflect.NativeMethodAccessorImpl.invoke0(Native Method)
at java.base/jdk.internal.reflect.NativeMethodAccessorImpl.invoke(NativeMethodAccessorImpl.java:77)
at java.base/jdk.internal.reflect.DelegatingMethodAccessorImpl.invoke(DelegatingMethodAccessorImpl.java:43)
at java.base/java.lang.reflect.Method.invoke(Method.java:568)
at org.testng.internal.MethodInvocationHelper.invokeMethod(MethodInvocationHelper.java:133)
at org.testng.internal.TestInvoker.invokeMethod(TestInvoker.java:598)
at org.testng.internal.TestInvoker.invokeTestMethod(TestInvoker.java:173)
at org.testng.internal.MethodRunner.runInSequence(MethodRunner.java:46)
at org.testng.internal.TestInvoker$MethodInvocationAgent.invoke(TestInvoker.java:824)
at org.testng.internal.TestInvoker.invokeTestMethods(TestInvoker.java:146)
at org.testng.internal.TestMethodWorker.invokeTestMethods(TestMethodWorker.java:146)
at org.testng.internal.TestMethodWorker.run(TestMethodWorker.java:128)
at java.base/java.util.ArrayList.forEach(ArrayList.java:1511)
at org.testng.TestRunner.privateRun(TestRunner.java:794)
at org.testng.TestRunner.run(TestRunner.java:596)
at org.testng.SuiteRunner.runTest(SuiteRunner.java:377)
at org.testng.SuiteRunner.runSequentially(SuiteRunner.java:371)
at org.testng.SuiteRunner.privateRun(SuiteRunner.java:332)
at org.testng.SuiteRunner.run(SuiteRunner.java:276)
at org.testng.SuiteRunnerWorker.runSuite(SuiteRunnerWorker.java:53)
at org.testng.SuiteRunnerWorker.run(SuiteRunnerWorker.java:96)
at org.testng.TestNG.runSuitesSequentially(TestNG.java:1212)
at org.testng.TestNG.runSuitesLocally(TestNG.java:1134)
at org.testng.TestNG.runSuites(TestNG.java:1063)
at org.testng.TestNG.run(TestNG.java:1031)
at org.testng.remote.AbstractRemoteTestNG.run(AbstractRemoteTestNG.java:115)
at org.testng.remote.RemoteTestNG.initAndRun(RemoteTestNG.java:251)
at org.testng.remote.RemoteTestNG.main(RemoteTestNG.java:77)
]]>
    </error>
  </testcase> <!-- SlotBook -->
  <system-out/>
  <testcase classname="pivotalApplication.SearchNAppointment" name="Book" time="7.777"/>
  <system-out/>
  <testcase classname="pivotalApplication.SearchNAppointment" name="AppointmentBookedPopup" time="7.205"/>
  <system-out/>
</testsuite> <!-- pivotalApplication.SearchNAppointment -->
