<?xml version="1.0" encoding="UTF-8"?>
<!-- Generated by org.testng.reporters.JUnitReportReporter -->
<testsuite hostname="CopiousCare" failures="0" tests="40" name="webAuto.A" time="503.958" errors="1" timestamp="2024-05-31T13:04:48 IST" skipped="0">
  <testcase classname="webAuto.A" name="numberField" time="0.171"/>
  <system-out/>
  <testcase classname="webAuto.A" name="sendOTP" time="11.767"/>
  <system-out/>
  <testcase classname="webAuto.A" name="verifyButton" time="10.084"/>
  <system-out/>
  <testcase classname="webAuto.A" name="createPatient" time="0.675"/>
  <system-out/>
  <testcase classname="webAuto.A" name="Number1" time="0.206"/>
  <system-out/>
  <testcase classname="webAuto.A" name="confirm" time="2.594"/>
  <system-out/>
  <testcase classname="webAuto.A" name="number2" time="0.249"/>
  <system-out/>
  <testcase classname="webAuto.A" name="firstName" time="0.168"/>
  <system-out/>
  <testcase classname="webAuto.A" name="middleName" time="0.133"/>
  <system-out/>
  <testcase classname="webAuto.A" name="lastName" time="0.132"/>
  <system-out/>
  <testcase classname="webAuto.A" name="birthDate" time="0.206"/>
  <system-out/>
  <testcase classname="webAuto.A" name="genFemale" time="0.050"/>
  <system-out/>
  <testcase classname="webAuto.A" name="address" time="0.158"/>
  <system-out/>
  <testcase classname="webAuto.A" name="locality" time="0.118"/>
  <system-out/>
  <testcase classname="webAuto.A" name="city" time="0.101"/>
  <system-out/>
  <testcase classname="webAuto.A" name="pinCode" time="0.108"/>
  <system-out/>
  <testcase classname="webAuto.A" name="proceedWithSameRMN" time="0.110"/>
  <system-out/>
  <testcase classname="webAuto.A" name="nextButton" time="15.105"/>
  <system-out/>
  <testcase classname="webAuto.A" name="clickClose" time="0.969"/>
  <system-out/>
  <testcase classname="webAuto.A" name="fillVitalForm" time="16.507"/>
  <system-out/>
  <testcase classname="webAuto.A" name="fillHealthProfile" time="11.187"/>
  <system-out/>
  <testcase classname="webAuto.A" name="fillFamilyProfile" time="16.416"/>
  <system-out/>
  <testcase classname="webAuto.A" name="GoHome" time="0.167"/>
  <system-out/>
  <testcase classname="webAuto.A" name="AddNewAppointment" time="25.467"/>
  <system-out/>
  <testcase classname="webAuto.A" name="AddPrescription" time="15.624"/>
  <system-out/>
  <testcase classname="webAuto.A" name="Complaints" time="3.437"/>
  <system-out/>
  <testcase classname="webAuto.A" name="VitalsOption" time="4.336"/>
  <system-out/>
  <testcase classname="webAuto.A" name="BpandHeartOption" time="15.668"/>
  <system-out/>
  <testcase classname="webAuto.A" name="BloodAndAnalysis" time="15.814"/>
  <system-out/>
  <testcase classname="webAuto.A" name="LipidProfile" time="15.572"/>
  <system-out/>
  <testcase classname="webAuto.A" name="OnExamination" time="15.923"/>
  <system-out/>
  <testcase classname="webAuto.A" name="Diagnosis" time="15.232"/>
  <system-out/>
  <testcase classname="webAuto.A" name="Medicine1" time="46.862"/>
  <system-out/>
  <testcase classname="webAuto.A" name="DietaryAdvice" time="15.590"/>
  <system-out/>
  <testcase classname="webAuto.A" name="GeneralInstruction" time="15.324"/>
  <system-out/>
  <testcase classname="webAuto.A" name="SaveandProceed" time="0.239"/>
  <system-out/>
  <testcase classname="webAuto.A" name="ConfirmPrescription" time="55.830"/>
  <system-out/>
  <testcase classname="webAuto.A" name="Investigation" time="37.002"/>
  <system-out/>
  <testcase classname="webAuto.A" name="Investigation1" time="34.113"/>
  <system-out/>
  <testcase classname="webAuto.A" name="HealthProfile" time="84.544">
    <error message="no such element: Unable to locate element: {&quot;method&quot;:&quot;xpath&quot;,&quot;selector&quot;:&quot;//*[text()=&#039;31&#039;]&quot;}
  (Session info: chrome=124.0.6367.207)
For documentation on this error, please visit: https://www.selenium.dev/documentation/webdriver/troubleshooting/errors#no-such-element-exception
Build info: version: &#039;4.13.0&#039;, revision: &#039;ba948ece5b*&#039;
System info: os.name: &#039;Windows 11&#039;, os.arch: &#039;amd64&#039;, os.version: &#039;10.0&#039;, java.version: &#039;17.0.10&#039;
Driver info: org.openqa.selenium.chrome.ChromeDriver
Command: [4717a9a32ed8f1e7f1afa422235a85fb, findElement {using=xpath, value=//*[text()=&#039;31&#039;]}]
Capabilities {acceptInsecureCerts: false, browserName: chrome, browserVersion: 124.0.6367.207, chrome: {chromedriverVersion: 123.0.6312.86 (9b72c47a0536..., userDataDir: C:\Users\91966\AppData\Loca...}, fedcm:accounts: true, goog:chromeOptions: {debuggerAddress: localhost:49682}, networkConnectionEnabled: false, pageLoadStrategy: normal, platformName: windows, proxy: Proxy(), se:cdp: ws://localhost:49682/devtoo..., se:cdpVersion: 124.0.6367.207, setWindowRect: true, strictFileInteractability: false, timeouts: {implicit: 0, pageLoad: 300000, script: 30000}, unhandledPromptBehavior: dismiss and notify, webauthn:extension:credBlob: true, webauthn:extension:largeBlob: true, webauthn:extension:minPinLength: true, webauthn:extension:prf: true, webauthn:virtualAuthenticators: true}
Session ID: 4717a9a32ed8f1e7f1afa422235a85fb" type="org.openqa.selenium.NoSuchElementException">
      <![CDATA[org.openqa.selenium.NoSuchElementException: no such element: Unable to locate element: {"method":"xpath","selector":"//*[text()='31']"}
  (Session info: chrome=124.0.6367.207)
For documentation on this error, please visit: https://www.selenium.dev/documentation/webdriver/troubleshooting/errors#no-such-element-exception
Build info: version: '4.13.0', revision: 'ba948ece5b*'
System info: os.name: 'Windows 11', os.arch: 'amd64', os.version: '10.0', java.version: '17.0.10'
Driver info: org.openqa.selenium.chrome.ChromeDriver
Command: [4717a9a32ed8f1e7f1afa422235a85fb, findElement {using=xpath, value=//*[text()='31']}]
Capabilities {acceptInsecureCerts: false, browserName: chrome, browserVersion: 124.0.6367.207, chrome: {chromedriverVersion: 123.0.6312.86 (9b72c47a0536..., userDataDir: C:\Users\91966\AppData\Loca...}, fedcm:accounts: true, goog:chromeOptions: {debuggerAddress: localhost:49682}, networkConnectionEnabled: false, pageLoadStrategy: normal, platformName: windows, proxy: Proxy(), se:cdp: ws://localhost:49682/devtoo..., se:cdpVersion: 124.0.6367.207, setWindowRect: true, strictFileInteractability: false, timeouts: {implicit: 0, pageLoad: 300000, script: 30000}, unhandledPromptBehavior: dismiss and notify, webauthn:extension:credBlob: true, webauthn:extension:largeBlob: true, webauthn:extension:minPinLength: true, webauthn:extension:prf: true, webauthn:virtualAuthenticators: true}
Session ID: 4717a9a32ed8f1e7f1afa422235a85fb
at java.base/jdk.internal.reflect.NativeConstructorAccessorImpl.newInstance0(Native Method)
at java.base/jdk.internal.reflect.NativeConstructorAccessorImpl.newInstance(NativeConstructorAccessorImpl.java:77)
at java.base/jdk.internal.reflect.DelegatingConstructorAccessorImpl.newInstance(DelegatingConstructorAccessorImpl.java:45)
at java.base/java.lang.reflect.Constructor.newInstanceWithCaller(Constructor.java:499)
at java.base/java.lang.reflect.Constructor.newInstance(Constructor.java:480)
at org.openqa.selenium.remote.codec.w3c.W3CHttpResponseCodec.createException(W3CHttpResponseCodec.java:200)
at org.openqa.selenium.remote.codec.w3c.W3CHttpResponseCodec.decode(W3CHttpResponseCodec.java:133)
at org.openqa.selenium.remote.codec.w3c.W3CHttpResponseCodec.decode(W3CHttpResponseCodec.java:52)
at org.openqa.selenium.remote.HttpCommandExecutor.execute(HttpCommandExecutor.java:191)
at org.openqa.selenium.remote.service.DriverCommandExecutor.invokeExecute(DriverCommandExecutor.java:196)
at org.openqa.selenium.remote.service.DriverCommandExecutor.execute(DriverCommandExecutor.java:171)
at org.openqa.selenium.remote.RemoteWebDriver.execute(RemoteWebDriver.java:602)
at org.openqa.selenium.remote.ElementLocation$ElementFinder$2.findElement(ElementLocation.java:165)
at org.openqa.selenium.remote.ElementLocation.findElement(ElementLocation.java:59)
at org.openqa.selenium.remote.RemoteWebDriver.findElement(RemoteWebDriver.java:359)
at org.openqa.selenium.remote.RemoteWebDriver.findElement(RemoteWebDriver.java:353)
at webAuto.A.clickUsingJavaScript(A.java:337)
at webAuto.A.HealthProfile(A.java:1522)
at java.base/jdk.internal.reflect.NativeMethodAccessorImpl.invoke0(Native Method)
at java.base/jdk.internal.reflect.NativeMethodAccessorImpl.invoke(NativeMethodAccessorImpl.java:77)
at java.base/jdk.internal.reflect.DelegatingMethodAccessorImpl.invoke(DelegatingMethodAccessorImpl.java:43)
at java.base/java.lang.reflect.Method.invoke(Method.java:568)
at org.testng.internal.MethodInvocationHelper.invokeMethod(MethodInvocationHelper.java:133)
at org.testng.internal.TestInvoker.invokeMethod(TestInvoker.java:598)
at org.testng.internal.TestInvoker.invokeTestMethod(TestInvoker.java:173)
at org.testng.internal.MethodRunner.runInSequence(MethodRunner.java:46)
at org.testng.internal.TestInvoker$MethodInvocationAgent.invoke(TestInvoker.java:824)
at org.testng.internal.TestInvoker.invokeTestMethods(TestInvoker.java:146)
at org.testng.internal.TestMethodWorker.invokeTestMethods(TestMethodWorker.java:146)
at org.testng.internal.TestMethodWorker.run(TestMethodWorker.java:128)
at java.base/java.util.ArrayList.forEach(ArrayList.java:1511)
at org.testng.TestRunner.privateRun(TestRunner.java:794)
at org.testng.TestRunner.run(TestRunner.java:596)
at org.testng.SuiteRunner.runTest(SuiteRunner.java:377)
at org.testng.SuiteRunner.runSequentially(SuiteRunner.java:371)
at org.testng.SuiteRunner.privateRun(SuiteRunner.java:332)
at org.testng.SuiteRunner.run(SuiteRunner.java:276)
at org.testng.SuiteRunnerWorker.runSuite(SuiteRunnerWorker.java:53)
at org.testng.SuiteRunnerWorker.run(SuiteRunnerWorker.java:96)
at org.testng.TestNG.runSuitesSequentially(TestNG.java:1212)
at org.testng.TestNG.runSuitesLocally(TestNG.java:1134)
at org.testng.TestNG.runSuites(TestNG.java:1063)
at org.testng.TestNG.run(TestNG.java:1031)
at org.testng.remote.AbstractRemoteTestNG.run(AbstractRemoteTestNG.java:115)
at org.testng.remote.RemoteTestNG.initAndRun(RemoteTestNG.java:251)
at org.testng.remote.RemoteTestNG.main(RemoteTestNG.java:77)
]]>
    </error>
  </testcase> <!-- HealthProfile -->
  <system-out/>
</testsuite> <!-- webAuto.A -->
