<?xml version="1.0" encoding="UTF-8"?>
<!-- Generated by org.testng.reporters.JUnitReportReporter -->
<testsuite hostname="CopiousCare" failures="0" tests="21" name="webAuto.EndToEndWorkflow" time="0.071" errors="1" timestamp="2024-04-01T12:59:50 IST" skipped="20">
  <testcase classname="webAuto.EndToEndWorkflow" name="setUp" time="0.071">
    <error message="chromedriver located at D://chromedriver.exe, but invalid
For documentation on this error, please visit: https://www.selenium.dev/documentation/webdriver/troubleshooting/errors/driver_location/
Build info: version: &#039;4.13.0&#039;, revision: &#039;ba948ece5b*&#039;
System info: os.name: &#039;Windows 11&#039;, os.arch: &#039;amd64&#039;, os.version: &#039;10.0&#039;, java.version: &#039;17.0.10&#039;
Driver info: driver.version: ChromeDriver" type="org.openqa.selenium.remote.NoSuchDriverException">
      <![CDATA[org.openqa.selenium.remote.NoSuchDriverException: chromedriver located at D://chromedriver.exe, but invalid
For documentation on this error, please visit: https://www.selenium.dev/documentation/webdriver/troubleshooting/errors/driver_location/
Build info: version: '4.13.0', revision: 'ba948ece5b*'
System info: os.name: 'Windows 11', os.arch: 'amd64', os.version: '10.0', java.version: '17.0.10'
Driver info: driver.version: ChromeDriver
at org.openqa.selenium.remote.service.DriverFinder.getPath(DriverFinder.java:45)
at org.openqa.selenium.remote.service.DriverFinder.getPath(DriverFinder.java:13)
at org.openqa.selenium.chrome.ChromeDriver.generateExecutor(ChromeDriver.java:99)
at org.openqa.selenium.chrome.ChromeDriver.<init>(ChromeDriver.java:88)
at org.openqa.selenium.chrome.ChromeDriver.<init>(ChromeDriver.java:83)
at org.openqa.selenium.chrome.ChromeDriver.<init>(ChromeDriver.java:51)
at webAuto.EndToEndWorkflow.setUp(EndToEndWorkflow.java:142)
at java.base/jdk.internal.reflect.NativeMethodAccessorImpl.invoke0(Native Method)
at java.base/jdk.internal.reflect.NativeMethodAccessorImpl.invoke(NativeMethodAccessorImpl.java:77)
at java.base/jdk.internal.reflect.DelegatingMethodAccessorImpl.invoke(DelegatingMethodAccessorImpl.java:43)
at java.base/java.lang.reflect.Method.invoke(Method.java:568)
at org.testng.internal.MethodInvocationHelper.invokeMethod(MethodInvocationHelper.java:133)
at org.testng.internal.MethodInvocationHelper.invokeMethodConsideringTimeout(MethodInvocationHelper.java:62)
at org.testng.internal.ConfigInvoker.invokeConfigurationMethod(ConfigInvoker.java:385)
at org.testng.internal.ConfigInvoker.invokeConfigurations(ConfigInvoker.java:321)
at org.testng.internal.TestMethodWorker.invokeBeforeClassMethods(TestMethodWorker.java:176)
at org.testng.internal.TestMethodWorker.run(TestMethodWorker.java:122)
at java.base/java.util.ArrayList.forEach(ArrayList.java:1511)
at org.testng.TestRunner.privateRun(TestRunner.java:794)
at org.testng.TestRunner.run(TestRunner.java:596)
at org.testng.SuiteRunner.runTest(SuiteRunner.java:377)
at org.testng.SuiteRunner.runSequentially(SuiteRunner.java:371)
at org.testng.SuiteRunner.privateRun(SuiteRunner.java:332)
at org.testng.SuiteRunner.run(SuiteRunner.java:276)
at org.testng.SuiteRunnerWorker.runSuite(SuiteRunnerWorker.java:53)
at org.testng.SuiteRunnerWorker.run(SuiteRunnerWorker.java:96)
at org.testng.TestNG.runSuitesSequentially(TestNG.java:1212)
at org.testng.TestNG.runSuitesLocally(TestNG.java:1134)
at org.testng.TestNG.runSuites(TestNG.java:1063)
at org.testng.TestNG.run(TestNG.java:1031)
at org.testng.remote.AbstractRemoteTestNG.run(AbstractRemoteTestNG.java:115)
at org.testng.remote.RemoteTestNG.initAndRun(RemoteTestNG.java:251)
at org.testng.remote.RemoteTestNG.main(RemoteTestNG.java:77)
]]>
    </error>
  </testcase> <!-- setUp -->
  <system-out/>
  <testcase classname="webAuto.EndToEndWorkflow" name="numberField" time="0.000">
    <skipped/>
  </testcase> <!-- numberField -->
  <system-out/>
  <testcase classname="webAuto.EndToEndWorkflow" name="sendOTP" time="0.000">
    <skipped/>
  </testcase> <!-- sendOTP -->
  <system-out/>
  <testcase classname="webAuto.EndToEndWorkflow" name="verifyButton" time="0.000">
    <skipped/>
  </testcase> <!-- verifyButton -->
  <system-out/>
  <testcase classname="webAuto.EndToEndWorkflow" name="searchBar1" time="0.000">
    <skipped/>
  </testcase> <!-- searchBar1 -->
  <system-out/>
  <testcase classname="webAuto.EndToEndWorkflow" name="searchOpt" time="0.000">
    <skipped/>
  </testcase> <!-- searchOpt -->
  <system-out/>
  <testcase classname="webAuto.EndToEndWorkflow" name="searchBar2" time="0.000">
    <skipped/>
  </testcase> <!-- searchBar2 -->
  <system-out/>
  <testcase classname="webAuto.EndToEndWorkflow" name="Investigation" time="0.000">
    <skipped/>
  </testcase> <!-- Investigation -->
  <system-out/>
  <testcase classname="webAuto.EndToEndWorkflow" name="CreatedBy" time="0.000">
    <skipped/>
  </testcase> <!-- CreatedBy -->
  <system-out/>
  <testcase classname="webAuto.EndToEndWorkflow" name="Investigation1" time="0.000">
    <skipped/>
  </testcase> <!-- Investigation1 -->
  <system-out/>
  <testcase classname="webAuto.EndToEndWorkflow" name="HealthProfile" time="0.000">
    <skipped/>
  </testcase> <!-- HealthProfile -->
  <system-out/>
  <testcase classname="webAuto.EndToEndWorkflow" name="Document1" time="0.000">
    <skipped/>
  </testcase> <!-- Document1 -->
  <system-out/>
  <testcase classname="webAuto.EndToEndWorkflow" name="ReceiptOption" time="0.000">
    <skipped/>
  </testcase> <!-- ReceiptOption -->
  <system-out/>
  <testcase classname="webAuto.EndToEndWorkflow" name="previewReceipt" time="0.000">
    <skipped/>
  </testcase> <!-- previewReceipt -->
  <system-out/>
  <testcase classname="webAuto.EndToEndWorkflow" name="cirtificateOption1" time="0.000">
    <skipped/>
  </testcase> <!-- cirtificateOption1 -->
  <system-out/>
  <testcase classname="webAuto.EndToEndWorkflow" name="AllDocuments" time="0.000">
    <skipped/>
  </testcase> <!-- AllDocuments -->
  <system-out/>
  <testcase classname="webAuto.EndToEndWorkflow" name="Document2" time="0.000">
    <skipped/>
  </testcase> <!-- Document2 -->
  <system-out/>
  <testcase classname="webAuto.EndToEndWorkflow" name="cirtificateOption" time="0.000">
    <skipped/>
  </testcase> <!-- cirtificateOption -->
  <system-out/>
  <testcase classname="webAuto.EndToEndWorkflow" name="cirtificateOption3" time="0.000">
    <skipped/>
  </testcase> <!-- cirtificateOption3 -->
  <system-out/>
  <testcase classname="webAuto.EndToEndWorkflow" name="AllDocuments1" time="0.000">
    <skipped/>
  </testcase> <!-- AllDocuments1 -->
  <system-out/>
  <testcase classname="webAuto.EndToEndWorkflow" name="ReferralOption3" time="0.000">
    <skipped/>
  </testcase> <!-- ReferralOption3 -->
  <system-out/>
</testsuite> <!-- webAuto.EndToEndWorkflow -->
