<?xml version="1.0" encoding="UTF-8"?>
<!-- Generated by org.testng.reporters.JUnitReportReporter -->
<testsuite hostname="CopiousCare" failures="0" tests="24" name="pivotalApplicationNegative.MultiplePatientCreation$CreatePediatricPatient" time="118.075" errors="1" timestamp="2024-04-16T16:51:04 IST" skipped="0">
  <testcase classname="pivotalApplicationNegative.MultiplePatientCreation$CreatePediatricPatient" name="NumberField" time="0.679"/>
  <system-out/>
  <testcase classname="pivotalApplicationNegative.MultiplePatientCreation$CreatePediatricPatient" name="BfSuite" time="0.593"/>
  <system-out/>
  <testcase classname="pivotalApplicationNegative.MultiplePatientCreation$CreatePediatricPatient" name="IAgree" time="2.166"/>
  <system-out/>
  <testcase classname="pivotalApplicationNegative.MultiplePatientCreation$CreatePediatricPatient" name="proceedButton" time="5.350"/>
  <system-out/>
  <testcase classname="pivotalApplicationNegative.MultiplePatientCreation$CreatePediatricPatient" name="OTP" time="10.726"/>
  <system-out/>
  <testcase classname="pivotalApplicationNegative.MultiplePatientCreation$CreatePediatricPatient" name="submit" time="12.653"/>
  <system-out/>
  <testcase classname="pivotalApplicationNegative.MultiplePatientCreation$CreatePediatricPatient" name="Createptient" time="4.473"/>
  <system-out/>
  <testcase classname="pivotalApplicationNegative.MultiplePatientCreation$CreatePediatricPatient" name="Neweptient" time="12.307"/>
  <system-out/>
  <testcase classname="pivotalApplicationNegative.MultiplePatientCreation$CreatePediatricPatient" name="Close" time="4.941"/>
  <system-out/>
  <testcase classname="pivotalApplicationNegative.MultiplePatientCreation$CreatePediatricPatient" name="MobileNumber1" time="2.952"/>
  <system-out/>
  <testcase classname="pivotalApplicationNegative.MultiplePatientCreation$CreatePediatricPatient" name="confirm" time="7.486"/>
  <system-out/>
  <testcase classname="pivotalApplicationNegative.MultiplePatientCreation$CreatePediatricPatient" name="confirmPopup" time="7.450"/>
  <system-out/>
  <testcase classname="pivotalApplicationNegative.MultiplePatientCreation$CreatePediatricPatient" name="AdditionalNumber1" time="3.040"/>
  <system-out/>
  <testcase classname="pivotalApplicationNegative.MultiplePatientCreation$CreatePediatricPatient" name="FirstName" time="4.968"/>
  <system-out/>
  <testcase classname="pivotalApplicationNegative.MultiplePatientCreation$CreatePediatricPatient" name="MiddleName" time="4.924"/>
  <system-out/>
  <testcase classname="pivotalApplicationNegative.MultiplePatientCreation$CreatePediatricPatient" name="LastName" time="4.948"/>
  <system-out/>
  <testcase classname="pivotalApplicationNegative.MultiplePatientCreation$CreatePediatricPatient" name="BirthCalender" time="5.088"/>
  <system-out/>
  <testcase classname="pivotalApplicationNegative.MultiplePatientCreation$CreatePediatricPatient" name="Birthok" time="4.366"/>
  <system-out/>
  <testcase classname="pivotalApplicationNegative.MultiplePatientCreation$CreatePediatricPatient" name="GenFemale" time="4.398"/>
  <system-out/>
  <testcase classname="pivotalApplicationNegative.MultiplePatientCreation$CreatePediatricPatient" name="Address" time="2.863"/>
  <system-out/>
  <testcase classname="pivotalApplicationNegative.MultiplePatientCreation$CreatePediatricPatient" name="Area" time="2.880"/>
  <system-out/>
  <testcase classname="pivotalApplicationNegative.MultiplePatientCreation$CreatePediatricPatient" name="City" time="2.368"/>
  <system-out/>
  <testcase classname="pivotalApplicationNegative.MultiplePatientCreation$CreatePediatricPatient" name="PinCode" time="2.883"/>
  <system-out/>
  <testcase classname="pivotalApplicationNegative.MultiplePatientCreation$CreatePediatricPatient" name="Next" time="3.573">
    <error message="The element &#039;By.xpath: //*[@text=&#039;Next&#039;]&#039; does not exist in DOM anymore
For documentation on this error, please visit: https://www.selenium.dev/documentation/webdriver/troubleshooting/errors#stale-element-reference-exception
Build info: version: &#039;4.13.0&#039;, revision: &#039;ba948ece5b*&#039;
System info: os.name: &#039;Windows 11&#039;, os.arch: &#039;amd64&#039;, os.version: &#039;10.0&#039;, java.version: &#039;17.0.10&#039;
Driver info: io.appium.java_client.AppiumDriver
Command: [4875807e-072c-4070-9fec-372fdbf1e9fc, clickElement {id=00000000-0000-158b-ffff-ffff0000020c}]
Capabilities {appium:app: C:\pivotalapp-stage-vishakh..., appium:appActivity: com.calculator_apps.MainAct..., appium:appPackage: com.calculator_apps, appium:automationName: UiAutomator2, appium:databaseEnabled: false, appium:desired: {app: C:\pivotalapp-stage-vishakh..., appActivity: com.calculator_apps.MainAct..., appPackage: com.calculator_apps, automationName: UiAutomator2, deviceName: samsung, newCommandTimeout: 120000, noReset: false, platformName: ANDROID, platformVersion: 11, udid: RZ8M5181Y3M, –session-override: true}, appium:deviceApiLevel: 30, appium:deviceManufacturer: samsung, appium:deviceModel: SM-A305F, appium:deviceName: RZ8M5181Y3M, appium:deviceScreenDensity: 420, appium:deviceScreenSize: 1080x2340, appium:deviceUDID: RZ8M5181Y3M, appium:javascriptEnabled: true, appium:locationContextEnabled: false, appium:networkConnectionEnabled: true, appium:newCommandTimeout: 120000, appium:noReset: false, appium:pixelRatio: 2.625, appium:platformVersion: 11, appium:statBarHeight: 83, appium:takesScreenshot: true, appium:udid: RZ8M5181Y3M, appium:viewportRect: {height: 2257, left: 0, top: 83, width: 1080}, appium:warnings: {}, appium:webStorageEnabled: false, appium:–session-override: true, platformName: ANDROID}
Element: [[AppiumDriver:  on ANDROID (4875807e-072c-4070-9fec-372fdbf1e9fc)] -&gt; xpath: //*[@text=&#039;Next&#039;]]
Session ID: 4875807e-072c-4070-9fec-372fdbf1e9fc" type="org.openqa.selenium.StaleElementReferenceException">
      <![CDATA[org.openqa.selenium.StaleElementReferenceException: The element 'By.xpath: //*[@text='Next']' does not exist in DOM anymore
For documentation on this error, please visit: https://www.selenium.dev/documentation/webdriver/troubleshooting/errors#stale-element-reference-exception
Build info: version: '4.13.0', revision: 'ba948ece5b*'
System info: os.name: 'Windows 11', os.arch: 'amd64', os.version: '10.0', java.version: '17.0.10'
Driver info: io.appium.java_client.AppiumDriver
Command: [4875807e-072c-4070-9fec-372fdbf1e9fc, clickElement {id=00000000-0000-158b-ffff-ffff0000020c}]
Capabilities {appium:app: C:\pivotalapp-stage-vishakh..., appium:appActivity: com.calculator_apps.MainAct..., appium:appPackage: com.calculator_apps, appium:automationName: UiAutomator2, appium:databaseEnabled: false, appium:desired: {app: C:\pivotalapp-stage-vishakh..., appActivity: com.calculator_apps.MainAct..., appPackage: com.calculator_apps, automationName: UiAutomator2, deviceName: samsung, newCommandTimeout: 120000, noReset: false, platformName: ANDROID, platformVersion: 11, udid: RZ8M5181Y3M, –session-override: true}, appium:deviceApiLevel: 30, appium:deviceManufacturer: samsung, appium:deviceModel: SM-A305F, appium:deviceName: RZ8M5181Y3M, appium:deviceScreenDensity: 420, appium:deviceScreenSize: 1080x2340, appium:deviceUDID: RZ8M5181Y3M, appium:javascriptEnabled: true, appium:locationContextEnabled: false, appium:networkConnectionEnabled: true, appium:newCommandTimeout: 120000, appium:noReset: false, appium:pixelRatio: 2.625, appium:platformVersion: 11, appium:statBarHeight: 83, appium:takesScreenshot: true, appium:udid: RZ8M5181Y3M, appium:viewportRect: {height: 2257, left: 0, top: 83, width: 1080}, appium:warnings: {}, appium:webStorageEnabled: false, appium:–session-override: true, platformName: ANDROID}
Element: [[AppiumDriver:  on ANDROID (4875807e-072c-4070-9fec-372fdbf1e9fc)] -> xpath: //*[@text='Next']]
Session ID: 4875807e-072c-4070-9fec-372fdbf1e9fc
at java.base/jdk.internal.reflect.NativeConstructorAccessorImpl.newInstance0(Native Method)
at java.base/jdk.internal.reflect.NativeConstructorAccessorImpl.newInstance(NativeConstructorAccessorImpl.java:77)
at java.base/jdk.internal.reflect.DelegatingConstructorAccessorImpl.newInstance(DelegatingConstructorAccessorImpl.java:45)
at java.base/java.lang.reflect.Constructor.newInstanceWithCaller(Constructor.java:499)
at java.base/java.lang.reflect.Constructor.newInstance(Constructor.java:480)
at org.openqa.selenium.remote.codec.w3c.W3CHttpResponseCodec.createException(W3CHttpResponseCodec.java:200)
at org.openqa.selenium.remote.codec.w3c.W3CHttpResponseCodec.decode(W3CHttpResponseCodec.java:133)
at org.openqa.selenium.remote.codec.w3c.W3CHttpResponseCodec.decode(W3CHttpResponseCodec.java:52)
at org.openqa.selenium.remote.HttpCommandExecutor.execute(HttpCommandExecutor.java:191)
at io.appium.java_client.remote.AppiumCommandExecutor.execute(AppiumCommandExecutor.java:250)
at org.openqa.selenium.remote.RemoteWebDriver.execute(RemoteWebDriver.java:602)
at org.openqa.selenium.remote.RemoteWebElement.execute(RemoteWebElement.java:224)
at org.openqa.selenium.remote.RemoteWebElement.click(RemoteWebElement.java:77)
at pivotalApplicationNegative.MultiplePatientCreation$CreatePediatricPatient.Next(MultiplePatientCreation.java:353)
at java.base/jdk.internal.reflect.NativeMethodAccessorImpl.invoke0(Native Method)
at java.base/jdk.internal.reflect.NativeMethodAccessorImpl.invoke(NativeMethodAccessorImpl.java:77)
at java.base/jdk.internal.reflect.DelegatingMethodAccessorImpl.invoke(DelegatingMethodAccessorImpl.java:43)
at java.base/java.lang.reflect.Method.invoke(Method.java:568)
at org.testng.internal.MethodInvocationHelper.invokeMethod(MethodInvocationHelper.java:133)
at org.testng.internal.TestInvoker.invokeMethod(TestInvoker.java:598)
at org.testng.internal.TestInvoker.invokeTestMethod(TestInvoker.java:173)
at org.testng.internal.MethodRunner.runInSequence(MethodRunner.java:46)
at org.testng.internal.TestInvoker$MethodInvocationAgent.invoke(TestInvoker.java:824)
at org.testng.internal.TestInvoker.invokeTestMethods(TestInvoker.java:146)
at org.testng.internal.TestMethodWorker.invokeTestMethods(TestMethodWorker.java:146)
at org.testng.internal.TestMethodWorker.run(TestMethodWorker.java:128)
at java.base/java.util.ArrayList.forEach(ArrayList.java:1511)
at org.testng.TestRunner.privateRun(TestRunner.java:794)
at org.testng.TestRunner.run(TestRunner.java:596)
at org.testng.SuiteRunner.runTest(SuiteRunner.java:377)
at org.testng.SuiteRunner.runSequentially(SuiteRunner.java:371)
at org.testng.SuiteRunner.privateRun(SuiteRunner.java:332)
at org.testng.SuiteRunner.run(SuiteRunner.java:276)
at org.testng.SuiteRunnerWorker.runSuite(SuiteRunnerWorker.java:53)
at org.testng.SuiteRunnerWorker.run(SuiteRunnerWorker.java:96)
at org.testng.TestNG.runSuitesSequentially(TestNG.java:1212)
at org.testng.TestNG.runSuitesLocally(TestNG.java:1134)
at org.testng.TestNG.runSuites(TestNG.java:1063)
at org.testng.TestNG.run(TestNG.java:1031)
at org.testng.remote.AbstractRemoteTestNG.run(AbstractRemoteTestNG.java:115)
at org.testng.remote.RemoteTestNG.initAndRun(RemoteTestNG.java:251)
at org.testng.remote.RemoteTestNG.main(RemoteTestNG.java:77)
]]>
    </error>
  </testcase> <!-- Next -->
  <system-out/>
</testsuite> <!-- pivotalApplicationNegative.MultiplePatientCreation$CreatePediatricPatient -->
