<?xml version="1.0" encoding="UTF-8"?>
<!-- Generated by org.testng.reporters.JUnitReportReporter -->
<testsuite hostname="CopiousCare" failures="1" tests="19" name="webAuto.FinalprescriptionShort" time="259.494" errors="0" timestamp="2024-04-01T16:32:21 IST" skipped="0">
  <testcase classname="webAuto.FinalprescriptionShort" name="numberField" time="0.116"/>
  <system-out/>
  <testcase classname="webAuto.FinalprescriptionShort" name="sendOTP" time="7.556"/>
  <system-out/>
  <testcase classname="webAuto.FinalprescriptionShort" name="verifyButton" time="10.323">
    <failure message="expected [Dr. vishakha] but found [Dr. Vishakha]" type="java.lang.AssertionError">
      <![CDATA[java.lang.AssertionError: expected [Dr. vishakha] but found [Dr. Vishakha]
at org.testng.Assert.fail(Assert.java:99)
at org.testng.Assert.failNotEquals(Assert.java:1037)
at org.testng.Assert.assertEqualsImpl(Assert.java:140)
at org.testng.Assert.assertEquals(Assert.java:122)
at org.testng.Assert.assertEquals(Assert.java:629)
at org.testng.Assert.assertEquals(Assert.java:639)
at webAuto.FinalprescriptionShort.verifyButton(FinalprescriptionShort.java:353)
at java.base/jdk.internal.reflect.NativeMethodAccessorImpl.invoke0(Native Method)
at java.base/jdk.internal.reflect.NativeMethodAccessorImpl.invoke(NativeMethodAccessorImpl.java:77)
at java.base/jdk.internal.reflect.DelegatingMethodAccessorImpl.invoke(DelegatingMethodAccessorImpl.java:43)
at java.base/java.lang.reflect.Method.invoke(Method.java:568)
at org.testng.internal.MethodInvocationHelper.invokeMethod(MethodInvocationHelper.java:133)
at org.testng.internal.TestInvoker.invokeMethod(TestInvoker.java:598)
at org.testng.internal.TestInvoker.invokeTestMethod(TestInvoker.java:173)
at org.testng.internal.MethodRunner.runInSequence(MethodRunner.java:46)
at org.testng.internal.TestInvoker$MethodInvocationAgent.invoke(TestInvoker.java:824)
at org.testng.internal.TestInvoker.invokeTestMethods(TestInvoker.java:146)
at org.testng.internal.TestMethodWorker.invokeTestMethods(TestMethodWorker.java:146)
at org.testng.internal.TestMethodWorker.run(TestMethodWorker.java:128)
at java.base/java.util.ArrayList.forEach(ArrayList.java:1511)
at org.testng.TestRunner.privateRun(TestRunner.java:794)
at org.testng.TestRunner.run(TestRunner.java:596)
at org.testng.SuiteRunner.runTest(SuiteRunner.java:377)
at org.testng.SuiteRunner.runSequentially(SuiteRunner.java:371)
at org.testng.SuiteRunner.privateRun(SuiteRunner.java:332)
at org.testng.SuiteRunner.run(SuiteRunner.java:276)
at org.testng.SuiteRunnerWorker.runSuite(SuiteRunnerWorker.java:53)
at org.testng.SuiteRunnerWorker.run(SuiteRunnerWorker.java:96)
at org.testng.TestNG.runSuitesSequentially(TestNG.java:1212)
at org.testng.TestNG.runSuitesLocally(TestNG.java:1134)
at org.testng.TestNG.runSuites(TestNG.java:1063)
at org.testng.TestNG.run(TestNG.java:1031)
at org.testng.remote.AbstractRemoteTestNG.run(AbstractRemoteTestNG.java:115)
at org.testng.remote.RemoteTestNG.initAndRun(RemoteTestNG.java:251)
at org.testng.remote.RemoteTestNG.main(RemoteTestNG.java:77)
]]>
    </failure>
  </testcase> <!-- verifyButton -->
  <system-out/>
  <testcase classname="webAuto.FinalprescriptionShort" name="searchBar" time="0.096"/>
  <system-out/>
  <testcase classname="webAuto.FinalprescriptionShort" name="searchOpt" time="3.072"/>
  <system-out/>
  <testcase classname="webAuto.FinalprescriptionShort" name="clickPatient" time="10.115"/>
  <system-out/>
  <testcase classname="webAuto.FinalprescriptionShort" name="QuickRx" time="10.233"/>
  <system-out/>
  <testcase classname="webAuto.FinalprescriptionShort" name="Complaints" time="3.249"/>
  <system-out/>
  <testcase classname="webAuto.FinalprescriptionShort" name="VitalsOption" time="3.878"/>
  <system-out/>
  <testcase classname="webAuto.FinalprescriptionShort" name="BpandHeartOption" time="15.559"/>
  <system-out/>
  <testcase classname="webAuto.FinalprescriptionShort" name="BloodAndAnalysis" time="15.977"/>
  <system-out/>
  <testcase classname="webAuto.FinalprescriptionShort" name="LipidProfile" time="15.775"/>
  <system-out/>
  <testcase classname="webAuto.FinalprescriptionShort" name="OnExamination" time="15.330"/>
  <system-out/>
  <testcase classname="webAuto.FinalprescriptionShort" name="Diagnosis" time="15.581"/>
  <system-out/>
  <testcase classname="webAuto.FinalprescriptionShort" name="Medicine1" time="46.608"/>
  <system-out/>
  <testcase classname="webAuto.FinalprescriptionShort" name="DietaryAdvice" time="15.156"/>
  <system-out/>
  <testcase classname="webAuto.FinalprescriptionShort" name="GeneralInstruction" time="15.185"/>
  <system-out/>
  <testcase classname="webAuto.FinalprescriptionShort" name="SaveandProceed" time="0.072"/>
  <system-out/>
  <testcase classname="webAuto.FinalprescriptionShort" name="ConfirmPrescription" time="55.613"/>
  <system-out/>
</testsuite> <!-- webAuto.FinalprescriptionShort -->
