<?xml version="1.0" encoding="UTF-8"?>
<!-- Generated by org.testng.reporters.JUnitReportReporter -->
<testsuite hostname="DESKTOP-VQLLA2K" failures="0" tests="24" name="webAuto.Example" time="5.805" errors="1" timestamp="2024-01-11T16:39:44 IST" skipped="23">
  <testcase classname="webAuto.Example" name="clickDoctorLoginLink" time="0.000">
    <skipped/>
  </testcase> <!-- clickDoctorLoginLink -->
  <testcase classname="webAuto.Example" name="setUp" time="5.802">
    <error message="unknown error: net::ERR_NAME_NOT_RESOLVED
  (Session info: chrome=120.0.6099.216)
Build info: version: &#039;4.13.0&#039;, revision: &#039;ba948ece5b*&#039;
System info: os.name: &#039;Windows 10&#039;, os.arch: &#039;amd64&#039;, os.version: &#039;10.0&#039;, java.version: &#039;17.0.5&#039;
Driver info: org.openqa.selenium.chrome.ChromeDriver
Command: [2e67438c15914d2564789f50bd3194e9, get {url=https://opd.copious.care/}]
Capabilities {acceptInsecureCerts: false, browserName: chrome, browserVersion: 120.0.6099.216, chrome: {chromedriverVersion: 120.0.6099.71 (9729082fe617..., userDataDir: C:\Users\Lenovo\AppData\Loc...}, fedcm:accounts: true, goog:chromeOptions: {debuggerAddress: localhost:52875}, networkConnectionEnabled: false, pageLoadStrategy: normal, platformName: windows, proxy: Proxy(), se:cdp: ws://localhost:52875/devtoo..., se:cdpVersion: 120.0.6099.216, setWindowRect: true, strictFileInteractability: false, timeouts: {implicit: 0, pageLoad: 300000, script: 30000}, unhandledPromptBehavior: dismiss and notify, webauthn:extension:credBlob: true, webauthn:extension:largeBlob: true, webauthn:extension:minPinLength: true, webauthn:extension:prf: true, webauthn:virtualAuthenticators: true}
Session ID: 2e67438c15914d2564789f50bd3194e9" type="org.openqa.selenium.WebDriverException">
      <![CDATA[org.openqa.selenium.WebDriverException: unknown error: net::ERR_NAME_NOT_RESOLVED
  (Session info: chrome=120.0.6099.216)
Build info: version: '4.13.0', revision: 'ba948ece5b*'
System info: os.name: 'Windows 10', os.arch: 'amd64', os.version: '10.0', java.version: '17.0.5'
Driver info: org.openqa.selenium.chrome.ChromeDriver
Command: [2e67438c15914d2564789f50bd3194e9, get {url=https://opd.copious.care/}]
Capabilities {acceptInsecureCerts: false, browserName: chrome, browserVersion: 120.0.6099.216, chrome: {chromedriverVersion: 120.0.6099.71 (9729082fe617..., userDataDir: C:\Users\Lenovo\AppData\Loc...}, fedcm:accounts: true, goog:chromeOptions: {debuggerAddress: localhost:52875}, networkConnectionEnabled: false, pageLoadStrategy: normal, platformName: windows, proxy: Proxy(), se:cdp: ws://localhost:52875/devtoo..., se:cdpVersion: 120.0.6099.216, setWindowRect: true, strictFileInteractability: false, timeouts: {implicit: 0, pageLoad: 300000, script: 30000}, unhandledPromptBehavior: dismiss and notify, webauthn:extension:credBlob: true, webauthn:extension:largeBlob: true, webauthn:extension:minPinLength: true, webauthn:extension:prf: true, webauthn:virtualAuthenticators: true}
Session ID: 2e67438c15914d2564789f50bd3194e9
at java.base/jdk.internal.reflect.NativeConstructorAccessorImpl.newInstance0(Native Method)
at java.base/jdk.internal.reflect.NativeConstructorAccessorImpl.newInstance(NativeConstructorAccessorImpl.java:77)
at java.base/jdk.internal.reflect.DelegatingConstructorAccessorImpl.newInstance(DelegatingConstructorAccessorImpl.java:45)
at java.base/java.lang.reflect.Constructor.newInstanceWithCaller(Constructor.java:499)
at java.base/java.lang.reflect.Constructor.newInstance(Constructor.java:480)
at org.openqa.selenium.remote.codec.w3c.W3CHttpResponseCodec.createException(W3CHttpResponseCodec.java:200)
at org.openqa.selenium.remote.codec.w3c.W3CHttpResponseCodec.decode(W3CHttpResponseCodec.java:133)
at org.openqa.selenium.remote.codec.w3c.W3CHttpResponseCodec.decode(W3CHttpResponseCodec.java:52)
at org.openqa.selenium.remote.HttpCommandExecutor.execute(HttpCommandExecutor.java:191)
at org.openqa.selenium.remote.service.DriverCommandExecutor.invokeExecute(DriverCommandExecutor.java:196)
at org.openqa.selenium.remote.service.DriverCommandExecutor.execute(DriverCommandExecutor.java:171)
at org.openqa.selenium.remote.RemoteWebDriver.execute(RemoteWebDriver.java:602)
at org.openqa.selenium.remote.RemoteWebDriver.get(RemoteWebDriver.java:304)
at webAuto.Example.setUp(Example.java:115)
at java.base/jdk.internal.reflect.NativeMethodAccessorImpl.invoke0(Native Method)
at java.base/jdk.internal.reflect.NativeMethodAccessorImpl.invoke(NativeMethodAccessorImpl.java:77)
at java.base/jdk.internal.reflect.DelegatingMethodAccessorImpl.invoke(DelegatingMethodAccessorImpl.java:43)
at java.base/java.lang.reflect.Method.invoke(Method.java:568)
at org.testng.internal.invokers.MethodInvocationHelper.invokeMethod(MethodInvocationHelper.java:139)
at org.testng.internal.invokers.MethodInvocationHelper.invokeMethodConsideringTimeout(MethodInvocationHelper.java:69)
at org.testng.internal.invokers.ConfigInvoker.invokeConfigurationMethod(ConfigInvoker.java:390)
at org.testng.internal.invokers.ConfigInvoker.invokeConfigurations(ConfigInvoker.java:325)
at org.testng.internal.invokers.TestMethodWorker.invokeBeforeClassMethods(TestMethodWorker.java:180)
at org.testng.internal.invokers.TestMethodWorker.run(TestMethodWorker.java:122)
at java.base/java.util.ArrayList.forEach(ArrayList.java:1511)
at org.testng.TestRunner.privateRun(TestRunner.java:848)
at org.testng.TestRunner.run(TestRunner.java:621)
at org.testng.SuiteRunner.runTest(SuiteRunner.java:443)
at org.testng.SuiteRunner.runSequentially(SuiteRunner.java:437)
at org.testng.SuiteRunner.privateRun(SuiteRunner.java:397)
at org.testng.SuiteRunner.run(SuiteRunner.java:336)
at org.testng.SuiteRunnerWorker.runSuite(SuiteRunnerWorker.java:52)
at org.testng.SuiteRunnerWorker.run(SuiteRunnerWorker.java:95)
at org.testng.TestNG.runSuitesSequentially(TestNG.java:1280)
at org.testng.TestNG.runSuitesLocally(TestNG.java:1200)
at org.testng.TestNG.runSuites(TestNG.java:1114)
at org.testng.TestNG.run(TestNG.java:1082)
at org.testng.remote.AbstractRemoteTestNG.run(AbstractRemoteTestNG.java:115)
at org.testng.remote.RemoteTestNG.initAndRun(RemoteTestNG.java:251)
at org.testng.remote.RemoteTestNG.main(RemoteTestNG.java:77)
]]>
    </error>
  </testcase> <!-- setUp -->
  <testcase classname="webAuto.Example" name="numberField" time="0.000">
    <skipped/>
  </testcase> <!-- numberField -->
  <testcase classname="webAuto.Example" name="sendOTP" time="0.000">
    <skipped/>
  </testcase> <!-- sendOTP -->
  <testcase classname="webAuto.Example" name="verifyButton" time="0.000">
    <skipped/>
  </testcase> <!-- verifyButton -->
  <testcase classname="webAuto.Example" name="createPatient" time="0.000">
    <skipped/>
  </testcase> <!-- createPatient -->
  <testcase classname="webAuto.Example" name="Number1" time="0.000">
    <skipped/>
  </testcase> <!-- Number1 -->
  <testcase classname="webAuto.Example" name="confirm" time="0.001">
    <skipped/>
  </testcase> <!-- confirm -->
  <testcase classname="webAuto.Example" name="number2" time="0.001">
    <skipped/>
  </testcase> <!-- number2 -->
  <testcase classname="webAuto.Example" name="ProRMN" time="0.000">
    <skipped/>
  </testcase> <!-- ProRMN -->
  <testcase classname="webAuto.Example" name="firstName" time="0.000">
    <skipped/>
  </testcase> <!-- firstName -->
  <testcase classname="webAuto.Example" name="middleName" time="0.000">
    <skipped/>
  </testcase> <!-- middleName -->
  <testcase classname="webAuto.Example" name="lastName" time="0.000">
    <skipped/>
  </testcase> <!-- lastName -->
  <testcase classname="webAuto.Example" name="birthDate" time="0.000">
    <skipped/>
  </testcase> <!-- birthDate -->
  <testcase classname="webAuto.Example" name="genFemale" time="0.000">
    <skipped/>
  </testcase> <!-- genFemale -->
  <testcase classname="webAuto.Example" name="address" time="0.000">
    <skipped/>
  </testcase> <!-- address -->
  <testcase classname="webAuto.Example" name="locality" time="0.000">
    <skipped/>
  </testcase> <!-- locality -->
  <testcase classname="webAuto.Example" name="city" time="0.000">
    <skipped/>
  </testcase> <!-- city -->
  <testcase classname="webAuto.Example" name="pinCode" time="0.000">
    <skipped/>
  </testcase> <!-- pinCode -->
  <testcase classname="webAuto.Example" name="nextButton" time="0.000">
    <skipped/>
  </testcase> <!-- nextButton -->
  <testcase classname="webAuto.Example" name="clickClose" time="0.001">
    <skipped/>
  </testcase> <!-- clickClose -->
  <testcase classname="webAuto.Example" name="fillVitalForm" time="0.000">
    <skipped/>
  </testcase> <!-- fillVitalForm -->
  <testcase classname="webAuto.Example" name="fillHealthProfile" time="0.000">
    <skipped/>
  </testcase> <!-- fillHealthProfile -->
  <testcase classname="webAuto.Example" name="fillFamilyProfile" time="0.000">
    <skipped/>
  </testcase> <!-- fillFamilyProfile -->
</testsuite> <!-- webAuto.Example -->
